19-04-18 15:15:06 [1] FIXED_PARAMETERS
 {'data_path': './datasets/', 'log_path': './logs/', 'test': 'BOSSVS', 'dataset': 'Gun_Point', 'train_bool': 1, 'histogram_type': 'EQUI_DEPTH', 'symbols': 4, 'wordLength': 4, 'windowLength': 8, 'normMean': 1, 'MAX_WINDOW_LENGTH': 350}
19-04-18 15:15:06 [1] Loading from: C:\Users\Sam.officepc\Google Drive\SFA_Python\datasets\univariate\Gun_Point
19-04-18 15:15:06 [1] Done reading Gun_Point Training Data...  Samples: 50  Length: 150
19-04-18 15:15:06 [1] Done reading Gun_Point Testing Data...  Samples: 150  Length: 150
19-04-18 15:15:06 [1] Classes: [1 2]
19-04-18 15:15:06 [1] Test: BOSSVS
19-04-18 15:15:06 [0] {'NAME': 'Gun_Point', 'train_bool': 1, 'score_path': './stored_models/BOSSVS_Gun_Point_score.p', 'model_path': './stored_models/BOSSVS_Gun_Point_model.p', 'factor': 0.95, 'maxF': 16, 'minF': 4, 'maxS': 4, 'MAX_WINDOW_LENGTH': 250, 'folds': 10, 'NORMALIZATION': [True, False], 'ENSEMBLE_WEIGHTS': True}
19-04-18 15:15:06 [1] Gun_Point  Fitting for a norm of True
19-04-18 15:15:06 [0] {'maxF': 16, 'symbols': 4, 'windowLength': 10, 'normMean': True, 'signature': None}
19-04-18 15:15:06 [0] {'initialized': False, 'HistogramType': 'EQUI_DEPTH', 'lowerBounding': True}
19-04-18 15:15:08 [0]       0     1         2         3
0  -inf -0.78 -0.040000  0.620000
1  -inf -1.52 -0.350000  1.500000
2  -inf -0.52 -0.060000  0.490000
3  -inf -0.68 -0.150000  0.710000
4  -inf -0.53 -0.120000  0.510000
5  -inf -0.37  0.000000  0.380000
6  -inf -0.53 -0.080000  0.510000
7  -inf -0.18 -0.040000  0.170000
8  -inf  0.00       inf       inf
9  -inf  0.00       inf       inf
10 -inf  0.00       inf       inf
11 -inf  0.00       inf       inf
12 -inf  0.00       inf       inf
13 -inf  0.00       inf       inf
14 -inf  0.00       inf       inf
15 -inf  0.00       inf       inf
19-04-18 15:15:11 [1] Correct for Norm=True & Window=10: 43 @ f=8
19-04-18 15:15:11 [0] {'maxF': 16, 'symbols': 4, 'windowLength': 21, 'normMean': True, 'signature': None}
19-04-18 15:15:11 [0] {'initialized': False, 'HistogramType': 'EQUI_DEPTH', 'lowerBounding': True}
19-04-18 15:15:12 [0]       0     1     2     3
0  -inf -1.37 -0.22  1.06
1  -inf -1.86 -0.18  2.12
2  -inf -0.42  0.02  0.43
3  -inf -1.13 -0.06  1.10
4  -inf -0.33  0.07  0.33
5  -inf -0.71  0.10  0.70
6  -inf -0.33 -0.03  0.32
7  -inf -0.49  0.08  0.49
8  -inf -0.33 -0.01  0.34
9  -inf -0.38  0.00  0.37
10 -inf -0.36  0.03  0.34
11 -inf -0.28  0.01  0.27
12 -inf -0.35 -0.04  0.34
13 -inf -0.20  0.03  0.20
14 -inf -0.35 -0.01  0.34
15 -inf -0.14 -0.01  0.14
19-04-18 15:15:16 [1] Correct for Norm=True & Window=21: 49 @ f=10
19-04-18 15:15:16 [0] {'maxF': 16, 'symbols': 4, 'windowLength': 32, 'normMean': True, 'signature': None}
19-04-18 15:15:16 [0] {'initialized': False, 'HistogramType': 'EQUI_DEPTH', 'lowerBounding': True}
19-04-18 15:15:16 [0]       0     1     2     3
0  -inf -1.68  0.25  1.65
1  -inf -2.72 -0.01  2.15
2  -inf -0.56 -0.17  0.31
3  -inf -1.39  0.38  1.55
4  -inf -0.26 -0.06  0.26
5  -inf -0.86  0.12  1.01
6  -inf -0.24  0.06  0.26
7  -inf -0.58  0.20  0.72
8  -inf -0.23  0.03  0.27
9  -inf -0.44  0.19  0.57
10 -inf -0.23  0.09  0.29
11 -inf -0.36  0.11  0.48
12 -inf -0.24 -0.02  0.30
13 -inf -0.29  0.08  0.37
14 -inf -0.25  0.02  0.30
15 -inf -0.24  0.05  0.32
19-04-18 15:15:19 [1] Correct for Norm=True & Window=32: 50 @ f=8
19-04-18 15:15:19 [0] {'maxF': 16, 'symbols': 4, 'windowLength': 43, 'normMean': True, 'signature': None}
19-04-18 15:15:19 [0] {'initialized': False, 'HistogramType': 'EQUI_DEPTH', 'lowerBounding': True}
19-04-18 15:15:19 [0]       0     1     2     3
0  -inf -2.20  0.52  1.96
1  -inf -2.78 -0.74  2.57
2  -inf -0.70 -0.06  0.43
3  -inf -1.62 -0.65  1.60
4  -inf -0.38  0.03  0.21
5  -inf -1.09 -0.56  0.85
6  -inf -0.24 -0.05  0.20
7  -inf -0.85 -0.45  0.66
8  -inf -0.23 -0.08  0.20
9  -inf -0.58 -0.38  0.52
10 -inf -0.23 -0.05  0.21
11 -inf -0.52 -0.30  0.41
12 -inf -0.24 -0.14  0.20
13 -inf -0.49 -0.28  0.36
14 -inf -0.23 -0.16  0.20
15 -inf -0.35 -0.23  0.30
19-04-18 15:15:22 [1] Correct for Norm=True & Window=43: 50 @ f=12
19-04-18 15:15:22 [0] {'maxF': 16, 'symbols': 4, 'windowLength': 54, 'normMean': True, 'signature': None}
19-04-18 15:15:22 [0] {'initialized': False, 'HistogramType': 'EQUI_DEPTH', 'lowerBounding': True}
19-04-18 15:15:22 [0]       0     1     2     3
0  -inf -2.59 -1.20  1.81
1  -inf -3.25 -0.43  2.49
2  -inf -0.98  0.02  0.66
3  -inf -1.57 -0.31  1.84
4  -inf -0.51 -0.24  0.26
5  -inf -1.24 -0.59  1.06
6  -inf -0.23 -0.03  0.16
7  -inf -0.85 -0.39  0.66
8  -inf -0.17 -0.05  0.15
9  -inf -0.75 -0.41  0.55
10 -inf -0.17 -0.03  0.15
11 -inf -0.59 -0.34  0.39
12 -inf -0.19 -0.04  0.16
13 -inf -0.47 -0.30  0.36
14 -inf -0.18 -0.14  0.17
15 -inf -0.44 -0.28  0.29
19-04-18 15:15:24 [1] Correct for Norm=True & Window=54: 50 @ f=8
19-04-18 15:15:24 [0] {'maxF': 16, 'symbols': 4, 'windowLength': 65, 'normMean': True, 'signature': None}
19-04-18 15:15:24 [0] {'initialized': False, 'HistogramType': 'EQUI_DEPTH', 'lowerBounding': True}
19-04-18 15:15:24 [0]       0     1     2     3
0  -inf -1.50  0.75  2.01
1  -inf -4.45  0.75  4.89
2  -inf -0.71  0.47  0.99
3  -inf -2.00  0.05  1.26
4  -inf -0.39  0.00  0.19
5  -inf -1.11  0.25  1.03
6  -inf -0.22  0.04  0.16
7  -inf -0.91  0.45  0.78
8  -inf -0.18  0.02  0.13
9  -inf -0.63 -0.40  0.60
10 -inf -0.16 -0.03  0.15
11 -inf -0.56  0.36  0.49
12 -inf -0.16  0.03  0.15
13 -inf -0.43  0.29  0.41
14 -inf -0.15  0.04  0.15
15 -inf -0.37 -0.03  0.36
19-04-18 15:15:27 [1] Correct for Norm=True & Window=65: 50 @ f=8
19-04-18 15:15:27 [0] {'maxF': 16, 'symbols': 4, 'windowLength': 76, 'normMean': True, 'signature': None}
19-04-18 15:15:27 [0] {'initialized': False, 'HistogramType': 'EQUI_DEPTH', 'lowerBounding': True}
19-04-18 15:15:27 [0]       0     1     2     3
0  -inf -1.90  0.37  2.72
1  -inf -5.45 -4.53 -4.18
2  -inf -0.81 -0.49  0.74
3  -inf -2.68 -2.32 -1.12
4  -inf -0.62 -0.26  0.27
5  -inf -1.25 -0.71 -0.48
6  -inf -0.41 -0.22  0.03
7  -inf -0.88 -0.74 -0.63
8  -inf -0.16 -0.11 -0.02
9  -inf -0.79 -0.69 -0.62
10 -inf -0.21 -0.16 -0.06
11 -inf -0.56 -0.52 -0.47
12 -inf -0.16 -0.12 -0.09
13 -inf -0.52 -0.48 -0.42
14 -inf -0.16 -0.14 -0.10
15 -inf -0.42 -0.38 -0.33
19-04-18 15:15:29 [1] Correct for Norm=True & Window=76: 49 @ f=12
19-04-18 15:15:29 [0] {'maxF': 16, 'symbols': 4, 'windowLength': 87, 'normMean': True, 'signature': None}
19-04-18 15:15:29 [0] {'initialized': False, 'HistogramType': 'EQUI_DEPTH', 'lowerBounding': True}
19-04-18 15:15:29 [0]       0     1     2     3
0  -inf -2.75 -0.75  1.70
1  -inf -5.91 -5.67 -4.81
2  -inf -1.30 -0.08  0.33
3  -inf -2.35 -1.31 -0.94
4  -inf -0.17  0.02  0.44
5  -inf -1.55 -0.75 -0.51
6  -inf -0.46 -0.23  0.07
7  -inf -1.01 -0.74 -0.54
8  -inf -0.34 -0.24 -0.09
9  -inf -0.83 -0.69 -0.56
10 -inf -0.14 -0.10 -0.02
11 -inf -0.59 -0.54 -0.43
12 -inf -0.19 -0.15 -0.06
13 -inf -0.50 -0.46 -0.38
14 -inf -0.14 -0.12 -0.08
15 -inf -0.46 -0.40 -0.34
19-04-18 15:15:32 [1] Correct for Norm=True & Window=87: 48 @ f=10
19-04-18 15:15:32 [0] {'maxF': 16, 'symbols': 4, 'windowLength': 98, 'normMean': True, 'signature': None}
19-04-18 15:15:32 [0] {'initialized': False, 'HistogramType': 'EQUI_DEPTH', 'lowerBounding': True}
19-04-18 15:15:32 [0]       0     1     2     3
0  -inf -3.40 -1.89  0.01
1  -inf -6.39 -6.08 -4.65
2  -inf -1.65 -0.26  0.67
3  -inf -2.47 -1.04 -0.38
4  -inf -0.45  0.04  0.50
5  -inf -1.33 -0.99 -0.48
6  -inf -0.69 -0.32  0.11
7  -inf -0.75 -0.51 -0.11
8  -inf -0.34 -0.21  0.01
9  -inf -0.54 -0.38 -0.11
10 -inf -0.26 -0.15 -0.03
11 -inf -0.66 -0.48 -0.16
12 -inf -0.14 -0.10 -0.02
13 -inf -0.47 -0.31 -0.12
14 -inf -0.17 -0.10 -0.06
15 -inf -0.44 -0.31 -0.09
19-04-18 15:15:33 [1] Correct for Norm=True & Window=98: 44 @ f=12
19-04-18 15:15:33 [0] {'maxF': 16, 'symbols': 4, 'windowLength': 109, 'normMean': True, 'signature': None}
19-04-18 15:15:33 [0] {'initialized': False, 'HistogramType': 'EQUI_DEPTH', 'lowerBounding': True}
19-04-18 15:15:33 [0]       0     1     2     3
0  -inf -4.08 -3.80 -2.45
1  -inf -6.09 -5.63 -4.34
2  -inf -1.36 -0.60  0.40
3  -inf -1.98 -1.02  1.65
4  -inf -0.86 -0.38  0.17
5  -inf -0.93 -0.52 -0.05
6  -inf -0.33 -0.09  0.41
7  -inf -0.34  0.03  0.80
8  -inf -0.33 -0.14  0.06
9  -inf -0.54 -0.09  0.20
10 -inf -0.35 -0.10  0.05
11 -inf -0.29 -0.05  0.15
12 -inf -0.14 -0.02  0.06
13 -inf -0.31 -0.22 -0.02
14 -inf -0.11 -0.03  0.07
15 -inf -0.19 -0.06  0.02
19-04-18 15:15:35 [1] Correct for Norm=True & Window=109: 47 @ f=12
19-04-18 15:15:35 [0] {'maxF': 16, 'symbols': 4, 'windowLength': 120, 'normMean': True, 'signature': None}
19-04-18 15:15:35 [0] {'initialized': False, 'HistogramType': 'EQUI_DEPTH', 'lowerBounding': True}
19-04-18 15:15:35 [0]       0     1     2     3
0  -inf -5.95 -5.54 -4.46
1  -inf -4.96 -4.27 -3.30
2  -inf -0.87 -0.29  0.44
3  -inf -1.26  0.01  2.90
4  -inf -0.68 -0.02  0.45
5  -inf -0.61 -0.06  0.79
6  -inf -0.05  0.28  0.90
7  -inf -0.43 -0.18  0.28
8  -inf -0.47 -0.12  0.46
9  -inf -0.42  0.01  0.27
10 -inf -0.25  0.00  0.12
11 -inf -0.20  0.02  0.20
12 -inf -0.16 -0.08  0.02
13 -inf -0.24 -0.12  0.03
14 -inf -0.05 -0.01  0.06
15 -inf -0.18 -0.10 -0.04
19-04-18 15:15:35 [1] Correct for Norm=True & Window=120: 42 @ f=4
19-04-18 15:15:35 [0] {'maxF': 16, 'symbols': 4, 'windowLength': 131, 'normMean': True, 'signature': None}
19-04-18 15:15:35 [0] {'initialized': False, 'HistogramType': 'EQUI_DEPTH', 'lowerBounding': True}
19-04-18 15:15:36 [0]       0     1     2     3
0  -inf -7.24 -6.66 -6.04
1  -inf -3.36 -2.58 -1.52
2  -inf -0.52  0.20  2.05
3  -inf -0.30  0.60  2.24
4  -inf -0.38  0.26  0.89
5  -inf -0.90 -0.35  0.62
6  -inf -0.08  0.13  0.57
7  -inf -0.73 -0.38 -0.24
8  -inf -0.40  0.00  0.28
9  -inf -0.34  0.24  0.69
10 -inf -0.22 -0.07  0.12
11 -inf -0.21  0.00  0.28
12 -inf -0.20 -0.08  0.13
13 -inf -0.03  0.06  0.14
14 -inf -0.10 -0.05  0.09
15 -inf -0.15 -0.08  0.01
19-04-18 15:15:36 [1] Correct for Norm=True & Window=131: 45 @ f=10
19-04-18 15:15:36 [0] {'maxF': 16, 'symbols': 4, 'windowLength': 142, 'normMean': True, 'signature': None}
19-04-18 15:15:36 [0] {'initialized': False, 'HistogramType': 'EQUI_DEPTH', 'lowerBounding': True}
19-04-18 15:15:36 [0]       0     1     2     3
0  -inf -7.80 -7.14 -6.80
1  -inf -1.58 -0.75  0.34
2  -inf -0.50  0.90  3.90
3  -inf -0.26  0.11  1.07
4  -inf -0.88 -0.02  1.15
5  -inf -0.84 -0.08  0.33
6  -inf -0.62 -0.31  0.26
7  -inf -0.63 -0.24  0.10
8  -inf -0.36  0.32  0.68
9  -inf -0.09  0.27  0.74
10 -inf -0.31 -0.02  0.30
11 -inf -0.26  0.09  0.32
12 -inf -0.19  0.01  0.12
13 -inf -0.17  0.02  0.19
14 -inf -0.21 -0.10  0.04
15 -inf -0.14 -0.02  0.10
19-04-18 15:15:36 [1] Correct for Norm=True & Window=142: 39 @ f=6
19-04-18 15:15:36 [1] Stored Models for Norm=True
19-04-18 15:15:36 [1] WindowLength:21  Features:10  TrainScore:49
19-04-18 15:15:36 [1] WindowLength:32  Features:8  TrainScore:50
19-04-18 15:15:36 [1] WindowLength:43  Features:12  TrainScore:50
19-04-18 15:15:36 [1] WindowLength:54  Features:8  TrainScore:50
19-04-18 15:15:36 [1] WindowLength:65  Features:8  TrainScore:50
19-04-18 15:15:36 [1] WindowLength:76  Features:12  TrainScore:49
19-04-18 15:15:36 [1] WindowLength:87  Features:10  TrainScore:48
19-04-18 15:15:54 [1] Gun_Point  Fitting for a norm of False
19-04-18 15:15:54 [0] {'maxF': 16, 'symbols': 4, 'windowLength': 10, 'normMean': False, 'signature': None}
19-04-18 15:15:54 [0] {'initialized': False, 'HistogramType': 'EQUI_DEPTH', 'lowerBounding': True}
19-04-18 15:15:55 [0]       0       1         2           3
0  -inf -195.35 -8.830000  108.870000
1  -inf    0.00       inf         inf
2  -inf   -0.78 -0.040000    0.620000
3  -inf   -1.52 -0.350000    1.500000
4  -inf   -0.52 -0.060000    0.490000
5  -inf   -0.68 -0.150000    0.710000
6  -inf   -0.53 -0.120000    0.510000
7  -inf   -0.37  0.000000    0.380000
8  -inf   -0.53 -0.080000    0.510000
9  -inf   -0.18 -0.040000    0.170000
10 -inf    0.00       inf         inf
11 -inf    0.00       inf         inf
12 -inf    0.00       inf         inf
13 -inf    0.00       inf         inf
14 -inf    0.00       inf         inf
15 -inf    0.00       inf         inf
19-04-18 15:15:58 [1] Correct for Norm=False & Window=10: 48 @ f=10
19-04-18 15:15:58 [0] {'maxF': 16, 'symbols': 4, 'windowLength': 21, 'normMean': False, 'signature': None}
19-04-18 15:15:58 [0] {'initialized': False, 'HistogramType': 'EQUI_DEPTH', 'lowerBounding': True}
19-04-18 15:15:59 [0]       0      1         2          3
0  -inf -72.23 -2.550000  24.890000
1  -inf   0.00       inf        inf
2  -inf  -1.37 -0.220000   1.060000
3  -inf  -1.86 -0.180000   2.120000
4  -inf  -0.42  0.020000   0.430000
5  -inf  -1.13 -0.060000   1.100000
6  -inf  -0.33  0.070000   0.330000
7  -inf  -0.71  0.100000   0.700000
8  -inf  -0.33 -0.030000   0.320000
9  -inf  -0.49  0.080000   0.490000
10 -inf  -0.33 -0.010000   0.340000
11 -inf  -0.38  0.000000   0.370000
12 -inf  -0.36  0.030000   0.340000
13 -inf  -0.28  0.010000   0.270000
14 -inf  -0.35 -0.040000   0.340000
15 -inf  -0.20  0.030000   0.200000
19-04-18 15:16:02 [1] Correct for Norm=False & Window=21: 50 @ f=8
19-04-18 15:16:02 [0] {'maxF': 16, 'symbols': 4, 'windowLength': 32, 'normMean': False, 'signature': None}
19-04-18 15:16:02 [0] {'initialized': False, 'HistogramType': 'EQUI_DEPTH', 'lowerBounding': True}
19-04-18 15:16:02 [0]       0      1         2          3
0  -inf -15.26  0.390000  32.520000
1  -inf   0.00       inf        inf
2  -inf  -1.68  0.250000   1.650000
3  -inf  -2.72 -0.010000   2.150000
4  -inf  -0.56 -0.170000   0.310000
5  -inf  -1.39  0.380000   1.550000
6  -inf  -0.26 -0.060000   0.260000
7  -inf  -0.86  0.120000   1.010000
8  -inf  -0.24  0.060000   0.260000
9  -inf  -0.58  0.200000   0.720000
10 -inf  -0.23  0.030000   0.270000
11 -inf  -0.44  0.190000   0.570000
12 -inf  -0.23  0.090000   0.290000
13 -inf  -0.36  0.110000   0.480000
14 -inf  -0.24 -0.020000   0.300000
15 -inf  -0.29  0.080000   0.370000
19-04-18 15:16:05 [1] Correct for Norm=False & Window=32: 50 @ f=8
19-04-18 15:16:05 [0] {'maxF': 16, 'symbols': 4, 'windowLength': 43, 'normMean': False, 'signature': None}
19-04-18 15:16:05 [0] {'initialized': False, 'HistogramType': 'EQUI_DEPTH', 'lowerBounding': True}
19-04-18 15:16:05 [0]       0     1         2          3
0  -inf -7.80  0.170000  10.360000
1  -inf  0.00       inf        inf
2  -inf -2.20  0.520000   1.960000
3  -inf -2.78 -0.740000   2.570000
4  -inf -0.70 -0.060000   0.430000
5  -inf -1.62 -0.650000   1.600000
6  -inf -0.38  0.030000   0.210000
7  -inf -1.09 -0.560000   0.850000
8  -inf -0.24 -0.050000   0.200000
9  -inf -0.85 -0.450000   0.660000
10 -inf -0.23 -0.080000   0.200000
11 -inf -0.58 -0.380000   0.520000
12 -inf -0.23 -0.050000   0.210000
13 -inf -0.52 -0.300000   0.410000
14 -inf -0.24 -0.140000   0.200000
15 -inf -0.49 -0.280000   0.360000
19-04-18 15:16:08 [1] Correct for Norm=False & Window=43: 50 @ f=6
19-04-18 15:16:08 [0] {'maxF': 16, 'symbols': 4, 'windowLength': 54, 'normMean': False, 'signature': None}
19-04-18 15:16:08 [0] {'initialized': False, 'HistogramType': 'EQUI_DEPTH', 'lowerBounding': True}
19-04-18 15:16:08 [0]       0     1         2          3
0  -inf -4.41  3.670000  13.610000
1  -inf  0.00       inf        inf
2  -inf -2.59 -1.200000   1.810000
3  -inf -3.25 -0.430000   2.490000
4  -inf -0.98  0.020000   0.660000
5  -inf -1.57 -0.310000   1.840000
6  -inf -0.51 -0.240000   0.260000
7  -inf -1.24 -0.590000   1.060000
8  -inf -0.23 -0.030000   0.160000
9  -inf -0.85 -0.390000   0.660000
10 -inf -0.17 -0.050000   0.150000
11 -inf -0.75 -0.410000   0.550000
12 -inf -0.17 -0.030000   0.150000
13 -inf -0.59 -0.340000   0.390000
14 -inf -0.19 -0.040000   0.160000
15 -inf -0.47 -0.300000   0.360000
19-04-18 15:16:11 [1] Correct for Norm=False & Window=54: 50 @ f=10
19-04-18 15:16:11 [0] {'maxF': 16, 'symbols': 4, 'windowLength': 65, 'normMean': False, 'signature': None}
19-04-18 15:16:11 [0] {'initialized': False, 'HistogramType': 'EQUI_DEPTH', 'lowerBounding': True}
19-04-18 15:16:11 [0]       0     1         2         3
0  -inf -1.31  1.650000  3.880000
1  -inf  0.00       inf       inf
2  -inf -1.50  0.750000  2.010000
3  -inf -4.45  0.750000  4.890000
4  -inf -0.71  0.470000  0.990000
5  -inf -2.00  0.050000  1.260000
6  -inf -0.39  0.000000  0.190000
7  -inf -1.11  0.250000  1.030000
8  -inf -0.22  0.040000  0.160000
9  -inf -0.91  0.450000  0.780000
10 -inf -0.18  0.020000  0.130000
11 -inf -0.63 -0.400000  0.600000
12 -inf -0.16 -0.030000  0.150000
13 -inf -0.56  0.360000  0.490000
14 -inf -0.16  0.030000  0.150000
15 -inf -0.43  0.290000  0.410000
19-04-18 15:16:13 [1] Correct for Norm=False & Window=65: 50 @ f=10
19-04-18 15:16:13 [0] {'maxF': 16, 'symbols': 4, 'windowLength': 76, 'normMean': False, 'signature': None}
19-04-18 15:16:13 [0] {'initialized': False, 'HistogramType': 'EQUI_DEPTH', 'lowerBounding': True}
19-04-18 15:16:13 [0]       0     1         2         3
0  -inf -0.33  0.530000  1.510000
1  -inf  0.00       inf       inf
2  -inf -1.90  0.370000  2.720000
3  -inf -5.45 -4.530000 -4.180000
4  -inf -0.81 -0.490000  0.740000
5  -inf -2.68 -2.320000 -1.120000
6  -inf -0.62 -0.260000  0.270000
7  -inf -1.25 -0.710000 -0.480000
8  -inf -0.41 -0.220000  0.030000
9  -inf -0.88 -0.740000 -0.630000
10 -inf -0.16 -0.110000 -0.020000
11 -inf -0.79 -0.690000 -0.620000
12 -inf -0.21 -0.160000 -0.060000
13 -inf -0.56 -0.520000 -0.470000
14 -inf -0.16 -0.120000 -0.090000
15 -inf -0.52 -0.480000 -0.420000
19-04-18 15:16:16 [1] Correct for Norm=False & Window=76: 49 @ f=16
19-04-18 15:16:16 [0] {'maxF': 16, 'symbols': 4, 'windowLength': 87, 'normMean': False, 'signature': None}
19-04-18 15:16:16 [0] {'initialized': False, 'HistogramType': 'EQUI_DEPTH', 'lowerBounding': True}
19-04-18 15:16:16 [0]       0     1         2         3
0  -inf  1.41  1.890000  3.020000
1  -inf  0.00       inf       inf
2  -inf -2.75 -0.750000  1.700000
3  -inf -5.91 -5.670000 -4.810000
4  -inf -1.30 -0.080000  0.330000
5  -inf -2.35 -1.310000 -0.940000
6  -inf -0.17  0.020000  0.440000
7  -inf -1.55 -0.750000 -0.510000
8  -inf -0.46 -0.230000  0.070000
9  -inf -1.01 -0.740000 -0.540000
10 -inf -0.34 -0.240000 -0.090000
11 -inf -0.83 -0.690000 -0.560000
12 -inf -0.14 -0.100000 -0.020000
13 -inf -0.59 -0.540000 -0.430000
14 -inf -0.19 -0.150000 -0.060000
15 -inf -0.50 -0.460000 -0.380000
19-04-18 15:16:17 [1] Correct for Norm=False & Window=87: 46 @ f=12
19-04-18 15:16:17 [0] {'maxF': 16, 'symbols': 4, 'windowLength': 98, 'normMean': False, 'signature': None}
19-04-18 15:16:17 [0] {'initialized': False, 'HistogramType': 'EQUI_DEPTH', 'lowerBounding': True}
19-04-18 15:16:17 [0]       0     1         2         3
0  -inf  2.61  2.990000  3.490000
1  -inf  0.00       inf       inf
2  -inf -3.40 -1.890000  0.010000
3  -inf -6.39 -6.080000 -4.650000
4  -inf -1.65 -0.260000  0.670000
5  -inf -2.47 -1.040000 -0.380000
6  -inf -0.45  0.040000  0.500000
7  -inf -1.33 -0.990000 -0.480000
8  -inf -0.69 -0.320000  0.110000
9  -inf -0.75 -0.510000 -0.110000
10 -inf -0.34 -0.210000  0.010000
11 -inf -0.54 -0.380000 -0.110000
12 -inf -0.26 -0.150000 -0.030000
13 -inf -0.66 -0.480000 -0.160000
14 -inf -0.14 -0.100000 -0.020000
15 -inf -0.47 -0.310000 -0.120000
19-04-18 15:16:19 [1] Correct for Norm=False & Window=98: 44 @ f=14
19-04-18 15:16:19 [0] {'maxF': 16, 'symbols': 4, 'windowLength': 109, 'normMean': False, 'signature': None}
19-04-18 15:16:19 [0] {'initialized': False, 'HistogramType': 'EQUI_DEPTH', 'lowerBounding': True}
19-04-18 15:16:19 [0]       0     1         2         3
0  -inf  2.43  2.770000  3.720000
1  -inf  0.00       inf       inf
2  -inf -4.08 -3.800000 -2.450000
3  -inf -6.09 -5.630000 -4.340000
4  -inf -1.36 -0.600000  0.400000
5  -inf -1.98 -1.020000  1.650000
6  -inf -0.86 -0.380000  0.170000
7  -inf -0.93 -0.520000 -0.050000
8  -inf -0.33 -0.090000  0.410000
9  -inf -0.34  0.030000  0.800000
10 -inf -0.33 -0.140000  0.060000
11 -inf -0.54 -0.090000  0.200000
12 -inf -0.35 -0.100000  0.050000
13 -inf -0.29 -0.050000  0.150000
14 -inf -0.14 -0.020000  0.060000
15 -inf -0.31 -0.220000 -0.020000
19-04-18 15:16:20 [1] Correct for Norm=False & Window=109: 47 @ f=16
19-04-18 15:16:20 [0] {'maxF': 16, 'symbols': 4, 'windowLength': 120, 'normMean': False, 'signature': None}
19-04-18 15:16:20 [0] {'initialized': False, 'HistogramType': 'EQUI_DEPTH', 'lowerBounding': True}
19-04-18 15:16:20 [0]       0     1         2         3
0  -inf  1.78  2.550000  2.860000
1  -inf  0.00       inf       inf
2  -inf -5.95 -5.540000 -4.460000
3  -inf -4.96 -4.270000 -3.300000
4  -inf -0.87 -0.290000  0.440000
5  -inf -1.26  0.010000  2.900000
6  -inf -0.68 -0.020000  0.450000
7  -inf -0.61 -0.060000  0.790000
8  -inf -0.05  0.280000  0.900000
9  -inf -0.43 -0.180000  0.280000
10 -inf -0.47 -0.120000  0.460000
11 -inf -0.42  0.010000  0.270000
12 -inf -0.25  0.000000  0.120000
13 -inf -0.20  0.020000  0.200000
14 -inf -0.16 -0.080000  0.020000
15 -inf -0.24 -0.120000  0.030000
19-04-18 15:16:21 [1] Correct for Norm=False & Window=120: 44 @ f=4
19-04-18 15:16:21 [0] {'maxF': 16, 'symbols': 4, 'windowLength': 131, 'normMean': False, 'signature': None}
19-04-18 15:16:21 [0] {'initialized': False, 'HistogramType': 'EQUI_DEPTH', 'lowerBounding': True}
19-04-18 15:16:21 [0]       0     1         2         3
0  -inf  1.14  1.690000  1.870000
1  -inf  0.00       inf       inf
2  -inf -7.24 -6.660000 -6.040000
3  -inf -3.36 -2.580000 -1.520000
4  -inf -0.52  0.200000  2.050000
5  -inf -0.30  0.600000  2.240000
6  -inf -0.38  0.260000  0.890000
7  -inf -0.90 -0.350000  0.620000
8  -inf -0.08  0.130000  0.570000
9  -inf -0.73 -0.380000 -0.240000
10 -inf -0.40  0.000000  0.280000
11 -inf -0.34  0.240000  0.690000
12 -inf -0.22 -0.070000  0.120000
13 -inf -0.21  0.000000  0.280000
14 -inf -0.20 -0.080000  0.130000
15 -inf -0.03  0.060000  0.140000
19-04-18 15:16:22 [1] Correct for Norm=False & Window=131: 43 @ f=12
19-04-18 15:16:22 [0] {'maxF': 16, 'symbols': 4, 'windowLength': 142, 'normMean': False, 'signature': None}
19-04-18 15:16:22 [0] {'initialized': False, 'HistogramType': 'EQUI_DEPTH', 'lowerBounding': True}
19-04-18 15:16:22 [0]       0     1         2         3
0  -inf  0.47  0.680000  0.800000
1  -inf  0.00       inf       inf
2  -inf -7.80 -7.140000 -6.800000
3  -inf -1.58 -0.750000  0.340000
4  -inf -0.50  0.900000  3.900000
5  -inf -0.26  0.110000  1.070000
6  -inf -0.88 -0.020000  1.150000
7  -inf -0.84 -0.080000  0.330000
8  -inf -0.62 -0.310000  0.260000
9  -inf -0.63 -0.240000  0.100000
10 -inf -0.36  0.320000  0.680000
11 -inf -0.09  0.270000  0.740000
12 -inf -0.31 -0.020000  0.300000
13 -inf -0.26  0.090000  0.320000
14 -inf -0.19  0.010000  0.120000
15 -inf -0.17  0.020000  0.190000
19-04-18 15:16:22 [1] Correct for Norm=False & Window=142: 39 @ f=6
19-04-18 15:16:22 [1] Stored Models for Norm=False
19-04-18 15:16:22 [1] WindowLength:10  Features:10  TrainScore:48
19-04-18 15:16:22 [1] WindowLength:21  Features:8  TrainScore:50
19-04-18 15:16:22 [1] WindowLength:32  Features:8  TrainScore:50
19-04-18 15:16:22 [1] WindowLength:43  Features:6  TrainScore:50
19-04-18 15:16:22 [1] WindowLength:54  Features:10  TrainScore:50
19-04-18 15:16:22 [1] WindowLength:65  Features:10  TrainScore:50
19-04-18 15:16:22 [1] WindowLength:76  Features:16  TrainScore:49
19-04-18 15:16:41 [1] Final Ensembled Models...
19-04-18 15:16:41 [1] Norm:False  WindowLength:10  Features:10  TrainScore:48
19-04-18 15:16:41 [1] Norm:False  WindowLength:21  Features:8  TrainScore:50
19-04-18 15:16:41 [1] Norm:False  WindowLength:32  Features:8  TrainScore:50
19-04-18 15:16:41 [1] Norm:False  WindowLength:43  Features:6  TrainScore:50
19-04-18 15:16:41 [1] Norm:False  WindowLength:54  Features:10  TrainScore:50
19-04-18 15:16:41 [1] Norm:False  WindowLength:65  Features:10  TrainScore:50
19-04-18 15:16:41 [1] Norm:False  WindowLength:76  Features:16  TrainScore:49
19-04-18 15:17:35 [1] Gun_Point: BOSSVS; 1.0; 0.993
19-04-19 10:13:35 [1] FIXED_PARAMETERS
 {'histogram_type': 'EQUI_DEPTH', 'windowLength': 8, 'wordLength': 4, 'test': 'BOSSVS', 'train_bool': 1, 'symbols': 4, 'data_path': './datasets/', 'log_path': './logs/', 'MAX_WINDOW_LENGTH': 350, 'dataset': 'Gun_Point', 'normMean': 1}
19-04-19 10:13:35 [1] Loading from: C:\Users\Sam.officepc\Google Drive\SFA_Python\datasets\univariate\Gun_Point
19-04-19 10:13:35 [1] Done reading Gun_Point Training Data...  Samples: 50  Length: 150
19-04-19 10:13:35 [1] Done reading Gun_Point Testing Data...  Samples: 150  Length: 150
19-04-19 10:13:35 [1] Classes: [1 2]
19-04-19 10:13:35 [1] Test: BOSSVS
19-04-19 10:13:35 [0] {'maxF': 16, 'minF': 4, 'NAME': 'Gun_Point', 'NORMALIZATION': [True, False], 'train_bool': 1, 'model_path': './stored_models/BOSSVS_Gun_Point_model.p', 'score_path': './stored_models/BOSSVS_Gun_Point_score.p', 'maxS': 4, 'factor': 0.95, 'folds': 10, 'ENSEMBLE_WEIGHTS': True, 'MAX_WINDOW_LENGTH': 250}
19-04-19 10:13:35 [1] Gun_Point  Fitting for a norm of True
19-04-19 10:13:35 [0] {'maxF': 16, 'signature': None, 'symbols': 4, 'windowLength': 10, 'normMean': True}
19-04-19 10:13:35 [0] {'HistogramType': 'EQUI_DEPTH', 'initialized': False, 'lowerBounding': True}
19-04-19 10:13:37 [0]       0     1         2         3
0  -inf -0.78 -0.040000  0.620000
1  -inf -1.52 -0.350000  1.500000
2  -inf -0.52 -0.060000  0.490000
3  -inf -0.68 -0.150000  0.710000
4  -inf -0.53 -0.120000  0.510000
5  -inf -0.37  0.000000  0.380000
6  -inf -0.53 -0.080000  0.510000
7  -inf -0.18 -0.040000  0.170000
8  -inf  0.00       inf       inf
9  -inf  0.00       inf       inf
10 -inf  0.00       inf       inf
11 -inf  0.00       inf       inf
12 -inf  0.00       inf       inf
13 -inf  0.00       inf       inf
14 -inf  0.00       inf       inf
15 -inf  0.00       inf       inf
19-04-19 10:13:41 [1] Correct for Norm=True & Window=10: 43 @ f=8
19-04-19 10:13:41 [0] {'maxF': 16, 'signature': None, 'symbols': 4, 'windowLength': 21, 'normMean': True}
19-04-19 10:13:41 [0] {'initialized': False, 'lowerBounding': True, 'HistogramType': 'EQUI_DEPTH'}
19-04-19 10:13:42 [0]       0     1     2     3
0  -inf -1.37 -0.22  1.06
1  -inf -1.86 -0.18  2.12
2  -inf -0.42  0.02  0.43
3  -inf -1.13 -0.06  1.10
4  -inf -0.33  0.07  0.33
5  -inf -0.71  0.10  0.70
6  -inf -0.33 -0.03  0.32
7  -inf -0.49  0.08  0.49
8  -inf -0.33 -0.01  0.34
9  -inf -0.38  0.00  0.37
10 -inf -0.36  0.03  0.34
11 -inf -0.28  0.01  0.27
12 -inf -0.35 -0.04  0.34
13 -inf -0.20  0.03  0.20
14 -inf -0.35 -0.01  0.34
15 -inf -0.14 -0.01  0.14
19-04-19 10:13:46 [1] Correct for Norm=True & Window=21: 49 @ f=10
19-04-19 10:13:46 [0] {'maxF': 16, 'signature': None, 'symbols': 4, 'windowLength': 32, 'normMean': True}
19-04-19 10:13:46 [0] {'initialized': False, 'lowerBounding': True, 'HistogramType': 'EQUI_DEPTH'}
19-04-19 10:13:47 [0]       0     1     2     3
0  -inf -1.68  0.25  1.65
1  -inf -2.72 -0.01  2.15
2  -inf -0.56 -0.17  0.31
3  -inf -1.39  0.38  1.55
4  -inf -0.26 -0.06  0.26
5  -inf -0.86  0.12  1.01
6  -inf -0.24  0.06  0.26
7  -inf -0.58  0.20  0.72
8  -inf -0.23  0.03  0.27
9  -inf -0.44  0.19  0.57
10 -inf -0.23  0.09  0.29
11 -inf -0.36  0.11  0.48
12 -inf -0.24 -0.02  0.30
13 -inf -0.29  0.08  0.37
14 -inf -0.25  0.02  0.30
15 -inf -0.24  0.05  0.32
19-04-19 10:13:50 [1] Correct for Norm=True & Window=32: 50 @ f=8
19-04-19 10:13:50 [0] {'maxF': 16, 'signature': None, 'symbols': 4, 'windowLength': 43, 'normMean': True}
19-04-19 10:13:50 [0] {'initialized': False, 'lowerBounding': True, 'HistogramType': 'EQUI_DEPTH'}
19-04-19 10:13:51 [0]       0     1     2     3
0  -inf -2.20  0.52  1.96
1  -inf -2.78 -0.74  2.57
2  -inf -0.70 -0.06  0.43
3  -inf -1.62 -0.65  1.60
4  -inf -0.38  0.03  0.21
5  -inf -1.09 -0.56  0.85
6  -inf -0.24 -0.05  0.20
7  -inf -0.85 -0.45  0.66
8  -inf -0.23 -0.08  0.20
9  -inf -0.58 -0.38  0.52
10 -inf -0.23 -0.05  0.21
11 -inf -0.52 -0.30  0.41
12 -inf -0.24 -0.14  0.20
13 -inf -0.49 -0.28  0.36
14 -inf -0.23 -0.16  0.20
15 -inf -0.35 -0.23  0.30
19-04-19 10:13:54 [1] Correct for Norm=True & Window=43: 50 @ f=12
19-04-19 10:13:54 [0] {'maxF': 16, 'signature': None, 'symbols': 4, 'windowLength': 54, 'normMean': True}
19-04-19 10:13:55 [0] {'initialized': False, 'lowerBounding': True, 'HistogramType': 'EQUI_DEPTH'}
19-04-19 10:13:55 [0]       0     1     2     3
0  -inf -2.59 -1.20  1.81
1  -inf -3.25 -0.43  2.49
2  -inf -0.98  0.02  0.66
3  -inf -1.57 -0.31  1.84
4  -inf -0.51 -0.24  0.26
5  -inf -1.24 -0.59  1.06
6  -inf -0.23 -0.03  0.16
7  -inf -0.85 -0.39  0.66
8  -inf -0.17 -0.05  0.15
9  -inf -0.75 -0.41  0.55
10 -inf -0.17 -0.03  0.15
11 -inf -0.59 -0.34  0.39
12 -inf -0.19 -0.04  0.16
13 -inf -0.47 -0.30  0.36
14 -inf -0.18 -0.14  0.17
15 -inf -0.44 -0.28  0.29
19-04-19 10:13:58 [1] Correct for Norm=True & Window=54: 50 @ f=8
19-04-19 10:13:58 [0] {'maxF': 16, 'signature': None, 'symbols': 4, 'windowLength': 65, 'normMean': True}
19-04-19 10:13:58 [0] {'initialized': False, 'lowerBounding': True, 'HistogramType': 'EQUI_DEPTH'}
19-04-19 10:13:58 [0]       0     1     2     3
0  -inf -1.50  0.75  2.01
1  -inf -4.45  0.75  4.89
2  -inf -0.71  0.47  0.99
3  -inf -2.00  0.05  1.26
4  -inf -0.39  0.00  0.19
5  -inf -1.11  0.25  1.03
6  -inf -0.22  0.04  0.16
7  -inf -0.91  0.45  0.78
8  -inf -0.18  0.02  0.13
9  -inf -0.63 -0.40  0.60
10 -inf -0.16 -0.03  0.15
11 -inf -0.56  0.36  0.49
12 -inf -0.16  0.03  0.15
13 -inf -0.43  0.29  0.41
14 -inf -0.15  0.04  0.15
15 -inf -0.37 -0.03  0.36
19-04-19 10:14:01 [1] Correct for Norm=True & Window=65: 50 @ f=8
19-04-19 10:14:01 [0] {'maxF': 16, 'signature': None, 'symbols': 4, 'windowLength': 76, 'normMean': True}
19-04-19 10:14:01 [0] {'initialized': False, 'lowerBounding': True, 'HistogramType': 'EQUI_DEPTH'}
19-04-19 10:14:01 [0]       0     1     2     3
0  -inf -1.90  0.37  2.72
1  -inf -5.45 -4.53 -4.18
2  -inf -0.81 -0.49  0.74
3  -inf -2.68 -2.32 -1.12
4  -inf -0.62 -0.26  0.27
5  -inf -1.25 -0.71 -0.48
6  -inf -0.41 -0.22  0.03
7  -inf -0.88 -0.74 -0.63
8  -inf -0.16 -0.11 -0.02
9  -inf -0.79 -0.69 -0.62
10 -inf -0.21 -0.16 -0.06
11 -inf -0.56 -0.52 -0.47
12 -inf -0.16 -0.12 -0.09
13 -inf -0.52 -0.48 -0.42
14 -inf -0.16 -0.14 -0.10
15 -inf -0.42 -0.38 -0.33
19-04-19 10:14:04 [1] Correct for Norm=True & Window=76: 49 @ f=12
19-04-19 10:14:04 [0] {'maxF': 16, 'signature': None, 'symbols': 4, 'windowLength': 87, 'normMean': True}
19-04-19 10:14:04 [0] {'initialized': False, 'lowerBounding': True, 'HistogramType': 'EQUI_DEPTH'}
19-04-19 10:14:04 [0]       0     1     2     3
0  -inf -2.75 -0.75  1.70
1  -inf -5.91 -5.67 -4.81
2  -inf -1.30 -0.08  0.33
3  -inf -2.35 -1.31 -0.94
4  -inf -0.17  0.02  0.44
5  -inf -1.55 -0.75 -0.51
6  -inf -0.46 -0.23  0.07
7  -inf -1.01 -0.74 -0.54
8  -inf -0.34 -0.24 -0.09
9  -inf -0.83 -0.69 -0.56
10 -inf -0.14 -0.10 -0.02
11 -inf -0.59 -0.54 -0.43
12 -inf -0.19 -0.15 -0.06
13 -inf -0.50 -0.46 -0.38
14 -inf -0.14 -0.12 -0.08
15 -inf -0.46 -0.40 -0.34
19-04-19 10:14:06 [1] Correct for Norm=True & Window=87: 48 @ f=10
19-04-19 10:14:06 [0] {'maxF': 16, 'signature': None, 'symbols': 4, 'windowLength': 98, 'normMean': True}
19-04-19 10:14:06 [0] {'initialized': False, 'lowerBounding': True, 'HistogramType': 'EQUI_DEPTH'}
19-04-19 10:14:06 [0]       0     1     2     3
0  -inf -3.40 -1.89  0.01
1  -inf -6.39 -6.08 -4.65
2  -inf -1.65 -0.26  0.67
3  -inf -2.47 -1.04 -0.38
4  -inf -0.45  0.04  0.50
5  -inf -1.33 -0.99 -0.48
6  -inf -0.69 -0.32  0.11
7  -inf -0.75 -0.51 -0.11
8  -inf -0.34 -0.21  0.01
9  -inf -0.54 -0.38 -0.11
10 -inf -0.26 -0.15 -0.03
11 -inf -0.66 -0.48 -0.16
12 -inf -0.14 -0.10 -0.02
13 -inf -0.47 -0.31 -0.12
14 -inf -0.17 -0.10 -0.06
15 -inf -0.44 -0.31 -0.09
19-04-19 10:14:09 [1] Correct for Norm=True & Window=98: 44 @ f=12
19-04-19 10:14:09 [0] {'maxF': 16, 'signature': None, 'symbols': 4, 'windowLength': 109, 'normMean': True}
19-04-19 10:14:09 [0] {'initialized': False, 'lowerBounding': True, 'HistogramType': 'EQUI_DEPTH'}
19-04-19 10:14:09 [0]       0     1     2     3
0  -inf -4.08 -3.80 -2.45
1  -inf -6.09 -5.63 -4.34
2  -inf -1.36 -0.60  0.40
3  -inf -1.98 -1.02  1.65
4  -inf -0.86 -0.38  0.17
5  -inf -0.93 -0.52 -0.05
6  -inf -0.33 -0.09  0.41
7  -inf -0.34  0.03  0.80
8  -inf -0.33 -0.14  0.06
9  -inf -0.54 -0.09  0.20
10 -inf -0.35 -0.10  0.05
11 -inf -0.29 -0.05  0.15
12 -inf -0.14 -0.02  0.06
13 -inf -0.31 -0.22 -0.02
14 -inf -0.11 -0.03  0.07
15 -inf -0.19 -0.06  0.02
19-04-19 10:14:10 [1] Correct for Norm=True & Window=109: 47 @ f=12
19-04-19 10:14:10 [0] {'maxF': 16, 'signature': None, 'symbols': 4, 'windowLength': 120, 'normMean': True}
19-04-19 10:14:10 [0] {'initialized': False, 'lowerBounding': True, 'HistogramType': 'EQUI_DEPTH'}
19-04-19 10:14:10 [0]       0     1     2     3
0  -inf -5.95 -5.54 -4.46
1  -inf -4.96 -4.27 -3.30
2  -inf -0.87 -0.29  0.44
3  -inf -1.26  0.01  2.90
4  -inf -0.68 -0.02  0.45
5  -inf -0.61 -0.06  0.79
6  -inf -0.05  0.28  0.90
7  -inf -0.43 -0.18  0.28
8  -inf -0.47 -0.12  0.46
9  -inf -0.42  0.01  0.27
10 -inf -0.25  0.00  0.12
11 -inf -0.20  0.02  0.20
12 -inf -0.16 -0.08  0.02
13 -inf -0.24 -0.12  0.03
14 -inf -0.05 -0.01  0.06
15 -inf -0.18 -0.10 -0.04
19-04-19 10:14:12 [1] Correct for Norm=True & Window=120: 42 @ f=4
19-04-19 10:14:12 [0] {'maxF': 16, 'signature': None, 'symbols': 4, 'windowLength': 131, 'normMean': True}
19-04-19 10:14:12 [0] {'initialized': False, 'lowerBounding': True, 'HistogramType': 'EQUI_DEPTH'}
19-04-19 10:14:12 [0]       0     1     2     3
0  -inf -7.24 -6.66 -6.04
1  -inf -3.36 -2.58 -1.52
2  -inf -0.52  0.20  2.05
3  -inf -0.30  0.60  2.24
4  -inf -0.38  0.26  0.89
5  -inf -0.90 -0.35  0.62
6  -inf -0.08  0.13  0.57
7  -inf -0.73 -0.38 -0.24
8  -inf -0.40  0.00  0.28
9  -inf -0.34  0.24  0.69
10 -inf -0.22 -0.07  0.12
11 -inf -0.21  0.00  0.28
12 -inf -0.20 -0.08  0.13
13 -inf -0.03  0.06  0.14
14 -inf -0.10 -0.05  0.09
15 -inf -0.15 -0.08  0.01
19-04-19 10:14:12 [1] Correct for Norm=True & Window=131: 45 @ f=10
19-04-19 10:14:12 [0] {'maxF': 16, 'signature': None, 'symbols': 4, 'windowLength': 142, 'normMean': True}
19-04-19 10:14:12 [0] {'initialized': False, 'lowerBounding': True, 'HistogramType': 'EQUI_DEPTH'}
19-04-19 10:14:13 [0]       0     1     2     3
0  -inf -7.80 -7.14 -6.80
1  -inf -1.58 -0.75  0.34
2  -inf -0.50  0.90  3.90
3  -inf -0.26  0.11  1.07
4  -inf -0.88 -0.02  1.15
5  -inf -0.84 -0.08  0.33
6  -inf -0.62 -0.31  0.26
7  -inf -0.63 -0.24  0.10
8  -inf -0.36  0.32  0.68
9  -inf -0.09  0.27  0.74
10 -inf -0.31 -0.02  0.30
11 -inf -0.26  0.09  0.32
12 -inf -0.19  0.01  0.12
13 -inf -0.17  0.02  0.19
14 -inf -0.21 -0.10  0.04
15 -inf -0.14 -0.02  0.10
19-04-19 10:14:13 [1] Correct for Norm=True & Window=142: 39 @ f=6
19-04-19 10:14:13 [1] Stored Models for Norm=True
19-04-19 10:14:13 [1] WindowLength:21  Features:10  TrainScore:49
19-04-19 10:14:13 [1] WindowLength:32  Features:8  TrainScore:50
19-04-19 10:14:13 [1] WindowLength:43  Features:12  TrainScore:50
19-04-19 10:14:13 [1] WindowLength:54  Features:8  TrainScore:50
19-04-19 10:14:13 [1] WindowLength:65  Features:8  TrainScore:50
19-04-19 10:14:13 [1] WindowLength:76  Features:12  TrainScore:49
19-04-19 10:14:13 [1] WindowLength:87  Features:10  TrainScore:48
19-04-19 10:14:33 [1] Gun_Point  Fitting for a norm of False
19-04-19 10:14:33 [0] {'maxF': 16, 'signature': None, 'symbols': 4, 'windowLength': 10, 'normMean': False}
19-04-19 10:14:33 [0] {'initialized': False, 'lowerBounding': True, 'HistogramType': 'EQUI_DEPTH'}
19-04-19 10:14:34 [0]       0       1         2           3
0  -inf -195.35 -8.830000  108.870000
1  -inf    0.00       inf         inf
2  -inf   -0.78 -0.040000    0.620000
3  -inf   -1.52 -0.350000    1.500000
4  -inf   -0.52 -0.060000    0.490000
5  -inf   -0.68 -0.150000    0.710000
6  -inf   -0.53 -0.120000    0.510000
7  -inf   -0.37  0.000000    0.380000
8  -inf   -0.53 -0.080000    0.510000
9  -inf   -0.18 -0.040000    0.170000
10 -inf    0.00       inf         inf
11 -inf    0.00       inf         inf
12 -inf    0.00       inf         inf
13 -inf    0.00       inf         inf
14 -inf    0.00       inf         inf
15 -inf    0.00       inf         inf
19-04-19 10:14:38 [1] Correct for Norm=False & Window=10: 48 @ f=10
19-04-19 10:14:38 [0] {'maxF': 16, 'signature': None, 'symbols': 4, 'windowLength': 21, 'normMean': False}
19-04-19 10:14:38 [0] {'initialized': False, 'lowerBounding': True, 'HistogramType': 'EQUI_DEPTH'}
19-04-19 10:14:39 [0]       0      1         2          3
0  -inf -72.23 -2.550000  24.890000
1  -inf   0.00       inf        inf
2  -inf  -1.37 -0.220000   1.060000
3  -inf  -1.86 -0.180000   2.120000
4  -inf  -0.42  0.020000   0.430000
5  -inf  -1.13 -0.060000   1.100000
6  -inf  -0.33  0.070000   0.330000
7  -inf  -0.71  0.100000   0.700000
8  -inf  -0.33 -0.030000   0.320000
9  -inf  -0.49  0.080000   0.490000
10 -inf  -0.33 -0.010000   0.340000
11 -inf  -0.38  0.000000   0.370000
12 -inf  -0.36  0.030000   0.340000
13 -inf  -0.28  0.010000   0.270000
14 -inf  -0.35 -0.040000   0.340000
15 -inf  -0.20  0.030000   0.200000
19-04-19 10:14:43 [1] Correct for Norm=False & Window=21: 50 @ f=8
19-04-19 10:14:43 [0] {'maxF': 16, 'signature': None, 'symbols': 4, 'windowLength': 32, 'normMean': False}
19-04-19 10:14:43 [0] {'initialized': False, 'lowerBounding': True, 'HistogramType': 'EQUI_DEPTH'}
19-04-19 10:14:43 [0]       0      1         2          3
0  -inf -15.26  0.390000  32.520000
1  -inf   0.00       inf        inf
2  -inf  -1.68  0.250000   1.650000
3  -inf  -2.72 -0.010000   2.150000
4  -inf  -0.56 -0.170000   0.310000
5  -inf  -1.39  0.380000   1.550000
6  -inf  -0.26 -0.060000   0.260000
7  -inf  -0.86  0.120000   1.010000
8  -inf  -0.24  0.060000   0.260000
9  -inf  -0.58  0.200000   0.720000
10 -inf  -0.23  0.030000   0.270000
11 -inf  -0.44  0.190000   0.570000
12 -inf  -0.23  0.090000   0.290000
13 -inf  -0.36  0.110000   0.480000
14 -inf  -0.24 -0.020000   0.300000
15 -inf  -0.29  0.080000   0.370000
19-04-19 10:14:46 [1] Correct for Norm=False & Window=32: 50 @ f=8
19-04-19 10:14:46 [0] {'maxF': 16, 'signature': None, 'symbols': 4, 'windowLength': 43, 'normMean': False}
19-04-19 10:14:46 [0] {'initialized': False, 'lowerBounding': True, 'HistogramType': 'EQUI_DEPTH'}
19-04-19 10:14:47 [0]       0     1         2          3
0  -inf -7.80  0.170000  10.360000
1  -inf  0.00       inf        inf
2  -inf -2.20  0.520000   1.960000
3  -inf -2.78 -0.740000   2.570000
4  -inf -0.70 -0.060000   0.430000
5  -inf -1.62 -0.650000   1.600000
6  -inf -0.38  0.030000   0.210000
7  -inf -1.09 -0.560000   0.850000
8  -inf -0.24 -0.050000   0.200000
9  -inf -0.85 -0.450000   0.660000
10 -inf -0.23 -0.080000   0.200000
11 -inf -0.58 -0.380000   0.520000
12 -inf -0.23 -0.050000   0.210000
13 -inf -0.52 -0.300000   0.410000
14 -inf -0.24 -0.140000   0.200000
15 -inf -0.49 -0.280000   0.360000
19-04-19 10:14:50 [1] Correct for Norm=False & Window=43: 50 @ f=6
19-04-19 10:14:50 [0] {'maxF': 16, 'signature': None, 'symbols': 4, 'windowLength': 54, 'normMean': False}
19-04-19 10:14:50 [0] {'initialized': False, 'lowerBounding': True, 'HistogramType': 'EQUI_DEPTH'}
19-04-19 10:14:50 [0]       0     1         2          3
0  -inf -4.41  3.670000  13.610000
1  -inf  0.00       inf        inf
2  -inf -2.59 -1.200000   1.810000
3  -inf -3.25 -0.430000   2.490000
4  -inf -0.98  0.020000   0.660000
5  -inf -1.57 -0.310000   1.840000
6  -inf -0.51 -0.240000   0.260000
7  -inf -1.24 -0.590000   1.060000
8  -inf -0.23 -0.030000   0.160000
9  -inf -0.85 -0.390000   0.660000
10 -inf -0.17 -0.050000   0.150000
11 -inf -0.75 -0.410000   0.550000
12 -inf -0.17 -0.030000   0.150000
13 -inf -0.59 -0.340000   0.390000
14 -inf -0.19 -0.040000   0.160000
15 -inf -0.47 -0.300000   0.360000
19-04-19 10:14:53 [1] Correct for Norm=False & Window=54: 50 @ f=10
19-04-19 10:14:53 [0] {'maxF': 16, 'signature': None, 'symbols': 4, 'windowLength': 65, 'normMean': False}
19-04-19 10:14:53 [0] {'initialized': False, 'lowerBounding': True, 'HistogramType': 'EQUI_DEPTH'}
19-04-19 10:14:53 [0]       0     1         2         3
0  -inf -1.31  1.650000  3.880000
1  -inf  0.00       inf       inf
2  -inf -1.50  0.750000  2.010000
3  -inf -4.45  0.750000  4.890000
4  -inf -0.71  0.470000  0.990000
5  -inf -2.00  0.050000  1.260000
6  -inf -0.39  0.000000  0.190000
7  -inf -1.11  0.250000  1.030000
8  -inf -0.22  0.040000  0.160000
9  -inf -0.91  0.450000  0.780000
10 -inf -0.18  0.020000  0.130000
11 -inf -0.63 -0.400000  0.600000
12 -inf -0.16 -0.030000  0.150000
13 -inf -0.56  0.360000  0.490000
14 -inf -0.16  0.030000  0.150000
15 -inf -0.43  0.290000  0.410000
19-04-19 10:14:55 [1] Correct for Norm=False & Window=65: 50 @ f=10
19-04-19 10:14:55 [0] {'maxF': 16, 'signature': None, 'symbols': 4, 'windowLength': 76, 'normMean': False}
19-04-19 10:14:55 [0] {'initialized': False, 'lowerBounding': True, 'HistogramType': 'EQUI_DEPTH'}
19-04-19 10:14:55 [0]       0     1         2         3
0  -inf -0.33  0.530000  1.510000
1  -inf  0.00       inf       inf
2  -inf -1.90  0.370000  2.720000
3  -inf -5.45 -4.530000 -4.180000
4  -inf -0.81 -0.490000  0.740000
5  -inf -2.68 -2.320000 -1.120000
6  -inf -0.62 -0.260000  0.270000
7  -inf -1.25 -0.710000 -0.480000
8  -inf -0.41 -0.220000  0.030000
9  -inf -0.88 -0.740000 -0.630000
10 -inf -0.16 -0.110000 -0.020000
11 -inf -0.79 -0.690000 -0.620000
12 -inf -0.21 -0.160000 -0.060000
13 -inf -0.56 -0.520000 -0.470000
14 -inf -0.16 -0.120000 -0.090000
15 -inf -0.52 -0.480000 -0.420000
19-04-19 10:14:58 [1] Correct for Norm=False & Window=76: 49 @ f=16
19-04-19 10:14:58 [0] {'maxF': 16, 'signature': None, 'symbols': 4, 'windowLength': 87, 'normMean': False}
19-04-19 10:14:58 [0] {'initialized': False, 'lowerBounding': True, 'HistogramType': 'EQUI_DEPTH'}
19-04-19 10:14:58 [0]       0     1         2         3
0  -inf  1.41  1.890000  3.020000
1  -inf  0.00       inf       inf
2  -inf -2.75 -0.750000  1.700000
3  -inf -5.91 -5.670000 -4.810000
4  -inf -1.30 -0.080000  0.330000
5  -inf -2.35 -1.310000 -0.940000
6  -inf -0.17  0.020000  0.440000
7  -inf -1.55 -0.750000 -0.510000
8  -inf -0.46 -0.230000  0.070000
9  -inf -1.01 -0.740000 -0.540000
10 -inf -0.34 -0.240000 -0.090000
11 -inf -0.83 -0.690000 -0.560000
12 -inf -0.14 -0.100000 -0.020000
13 -inf -0.59 -0.540000 -0.430000
14 -inf -0.19 -0.150000 -0.060000
15 -inf -0.50 -0.460000 -0.380000
19-04-19 10:15:00 [1] Correct for Norm=False & Window=87: 46 @ f=12
19-04-19 10:15:00 [0] {'maxF': 16, 'signature': None, 'symbols': 4, 'windowLength': 98, 'normMean': False}
19-04-19 10:15:00 [0] {'initialized': False, 'lowerBounding': True, 'HistogramType': 'EQUI_DEPTH'}
19-04-19 10:15:00 [0]       0     1         2         3
0  -inf  2.61  2.990000  3.490000
1  -inf  0.00       inf       inf
2  -inf -3.40 -1.890000  0.010000
3  -inf -6.39 -6.080000 -4.650000
4  -inf -1.65 -0.260000  0.670000
5  -inf -2.47 -1.040000 -0.380000
6  -inf -0.45  0.040000  0.500000
7  -inf -1.33 -0.990000 -0.480000
8  -inf -0.69 -0.320000  0.110000
9  -inf -0.75 -0.510000 -0.110000
10 -inf -0.34 -0.210000  0.010000
11 -inf -0.54 -0.380000 -0.110000
12 -inf -0.26 -0.150000 -0.030000
13 -inf -0.66 -0.480000 -0.160000
14 -inf -0.14 -0.100000 -0.020000
15 -inf -0.47 -0.310000 -0.120000
19-04-19 10:15:02 [1] Correct for Norm=False & Window=98: 44 @ f=14
19-04-19 10:15:02 [0] {'maxF': 16, 'signature': None, 'symbols': 4, 'windowLength': 109, 'normMean': False}
19-04-19 10:15:02 [0] {'initialized': False, 'lowerBounding': True, 'HistogramType': 'EQUI_DEPTH'}
19-04-19 10:15:02 [0]       0     1         2         3
0  -inf  2.43  2.770000  3.720000
1  -inf  0.00       inf       inf
2  -inf -4.08 -3.800000 -2.450000
3  -inf -6.09 -5.630000 -4.340000
4  -inf -1.36 -0.600000  0.400000
5  -inf -1.98 -1.020000  1.650000
6  -inf -0.86 -0.380000  0.170000
7  -inf -0.93 -0.520000 -0.050000
8  -inf -0.33 -0.090000  0.410000
9  -inf -0.34  0.030000  0.800000
10 -inf -0.33 -0.140000  0.060000
11 -inf -0.54 -0.090000  0.200000
12 -inf -0.35 -0.100000  0.050000
13 -inf -0.29 -0.050000  0.150000
14 -inf -0.14 -0.020000  0.060000
15 -inf -0.31 -0.220000 -0.020000
19-04-19 10:15:03 [1] Correct for Norm=False & Window=109: 47 @ f=16
19-04-19 10:15:03 [0] {'maxF': 16, 'signature': None, 'symbols': 4, 'windowLength': 120, 'normMean': False}
19-04-19 10:15:03 [0] {'initialized': False, 'lowerBounding': True, 'HistogramType': 'EQUI_DEPTH'}
19-04-19 10:15:03 [0]       0     1         2         3
0  -inf  1.78  2.550000  2.860000
1  -inf  0.00       inf       inf
2  -inf -5.95 -5.540000 -4.460000
3  -inf -4.96 -4.270000 -3.300000
4  -inf -0.87 -0.290000  0.440000
5  -inf -1.26  0.010000  2.900000
6  -inf -0.68 -0.020000  0.450000
7  -inf -0.61 -0.060000  0.790000
8  -inf -0.05  0.280000  0.900000
9  -inf -0.43 -0.180000  0.280000
10 -inf -0.47 -0.120000  0.460000
11 -inf -0.42  0.010000  0.270000
12 -inf -0.25  0.000000  0.120000
13 -inf -0.20  0.020000  0.200000
14 -inf -0.16 -0.080000  0.020000
15 -inf -0.24 -0.120000  0.030000
19-04-19 10:15:04 [1] Correct for Norm=False & Window=120: 44 @ f=4
19-04-19 10:15:04 [0] {'maxF': 16, 'signature': None, 'symbols': 4, 'windowLength': 131, 'normMean': False}
19-04-19 10:15:04 [0] {'initialized': False, 'lowerBounding': True, 'HistogramType': 'EQUI_DEPTH'}
19-04-19 10:15:04 [0]       0     1         2         3
0  -inf  1.14  1.690000  1.870000
1  -inf  0.00       inf       inf
2  -inf -7.24 -6.660000 -6.040000
3  -inf -3.36 -2.580000 -1.520000
4  -inf -0.52  0.200000  2.050000
5  -inf -0.30  0.600000  2.240000
6  -inf -0.38  0.260000  0.890000
7  -inf -0.90 -0.350000  0.620000
8  -inf -0.08  0.130000  0.570000
9  -inf -0.73 -0.380000 -0.240000
10 -inf -0.40  0.000000  0.280000
11 -inf -0.34  0.240000  0.690000
12 -inf -0.22 -0.070000  0.120000
13 -inf -0.21  0.000000  0.280000
14 -inf -0.20 -0.080000  0.130000
15 -inf -0.03  0.060000  0.140000
19-04-19 10:15:05 [1] Correct for Norm=False & Window=131: 43 @ f=12
19-04-19 10:15:05 [0] {'maxF': 16, 'signature': None, 'symbols': 4, 'windowLength': 142, 'normMean': False}
19-04-19 10:15:05 [0] {'initialized': False, 'lowerBounding': True, 'HistogramType': 'EQUI_DEPTH'}
19-04-19 10:15:05 [0]       0     1         2         3
0  -inf  0.47  0.680000  0.800000
1  -inf  0.00       inf       inf
2  -inf -7.80 -7.140000 -6.800000
3  -inf -1.58 -0.750000  0.340000
4  -inf -0.50  0.900000  3.900000
5  -inf -0.26  0.110000  1.070000
6  -inf -0.88 -0.020000  1.150000
7  -inf -0.84 -0.080000  0.330000
8  -inf -0.62 -0.310000  0.260000
9  -inf -0.63 -0.240000  0.100000
10 -inf -0.36  0.320000  0.680000
11 -inf -0.09  0.270000  0.740000
12 -inf -0.31 -0.020000  0.300000
13 -inf -0.26  0.090000  0.320000
14 -inf -0.19  0.010000  0.120000
15 -inf -0.17  0.020000  0.190000
19-04-19 10:15:05 [1] Correct for Norm=False & Window=142: 39 @ f=6
19-04-19 10:15:05 [1] Stored Models for Norm=False
19-04-19 10:15:05 [1] WindowLength:10  Features:10  TrainScore:48
19-04-19 10:15:05 [1] WindowLength:21  Features:8  TrainScore:50
19-04-19 10:15:05 [1] WindowLength:32  Features:8  TrainScore:50
19-04-19 10:15:05 [1] WindowLength:43  Features:6  TrainScore:50
19-04-19 10:15:05 [1] WindowLength:54  Features:10  TrainScore:50
19-04-19 10:15:05 [1] WindowLength:65  Features:10  TrainScore:50
19-04-19 10:15:05 [1] WindowLength:76  Features:16  TrainScore:49
19-04-19 10:15:26 [1] Final Ensembled Models...
19-04-19 10:15:26 [1] Norm:False  WindowLength:10  Features:10  TrainScore:48
19-04-19 10:15:26 [1] Norm:False  WindowLength:21  Features:8  TrainScore:50
19-04-19 10:15:26 [1] Norm:False  WindowLength:32  Features:8  TrainScore:50
19-04-19 10:15:26 [1] Norm:False  WindowLength:43  Features:6  TrainScore:50
19-04-19 10:15:26 [1] Norm:False  WindowLength:54  Features:10  TrainScore:50
19-04-19 10:15:26 [1] Norm:False  WindowLength:65  Features:10  TrainScore:50
19-04-19 10:15:26 [1] Norm:False  WindowLength:76  Features:16  TrainScore:49
19-04-19 10:16:30 [1] Gun_Point: BOSSVS; 1.0; 0.993
