19-03-22 12:24:09 [1] FIXED_PARAMETERS
 {'data_path': './datasets/', 'log_path': './logs/', 'test': 'Shotgun', 'dataset': 'Gun_Point', 'train_bool': 1, 'histogram_type': 'EQUI_DEPTH', 'symbols': 4, 'wordLength': 4, 'windowLength': 8, 'normMean': 1, 'MAX_WINDOW_LENGTH': 350}
19-03-22 12:24:09 [1] Loading from: C:\Users\Sam.officepc\Google Drive\SFA_Python\datasets\univariate\Gun_Point
19-03-22 12:24:09 [1] Done reading Gun_Point Training Data...  Samples: 50  Length: 150
19-03-22 12:24:09 [1] Done reading Gun_Point Testing Data...  Samples: 150  Length: 150
19-03-22 12:24:09 [1] Classes: [1 2]
19-03-22 12:24:09 [1] Test: Shotgun
19-03-22 12:24:09 [0] {'NAME': 'Gun_Point', 'factor': 1.0, 'MAX_WINDOW_LENGTH': 250, 'NORMALIZATION': [True, False]}
19-03-22 12:24:09 [1] Windows: [150, 149, 148, 147, 146, 145, 144, 143, 142, 141, 140, 139, 138, 137, 136, 135, 134, 133, 132, 131, 130, 129, 128, 127, 126, 125, 124, 123, 122, 121, 120, 119, 118, 117, 116, 115, 114, 113, 112, 111, 110, 109, 108, 107, 106, 105, 104, 103, 102, 101, 100, 99, 98, 97, 96, 95, 94, 93, 92, 91, 90, 89, 88, 87, 86, 85, 84, 83, 82, 81, 80, 79, 78, 77, 76, 75, 74, 73, 72, 71, 70, 69, 68, 67, 66, 65, 64, 63, 62, 61, 60, 59, 58, 57, 56, 55, 54, 53, 52, 51, 50, 49, 48, 47, 46, 45, 44, 43, 42, 41, 40, 39, 38, 37, 36, 35, 34, 33, 32, 31, 30, 29, 28, 27, 26, 25, 24, 23, 22, 21, 20, 19, 18, 17, 16, 15, 14, 13, 12, 11, 10, 9, 8, 7, 6, 5]
19-03-22 12:24:09 [1] Gun_Point  Fitting for a norm of True
19-03-22 12:24:10 [1] Correct for Norm=True & Window=150: 48
19-03-22 12:24:10 [1] Correct for Norm=True & Window=149: 48
19-03-22 12:24:10 [1] Correct for Norm=True & Window=148: 48
19-03-22 12:24:10 [1] Correct for Norm=True & Window=147: 48
19-03-22 12:24:11 [1] Correct for Norm=True & Window=146: 48
19-03-22 12:24:11 [1] Correct for Norm=True & Window=145: 49
19-03-22 12:24:12 [1] Correct for Norm=True & Window=144: 49
19-03-22 12:24:12 [1] Correct for Norm=True & Window=143: 49
19-03-22 12:24:13 [1] Correct for Norm=True & Window=142: 49
19-03-22 12:24:13 [1] Correct for Norm=True & Window=141: 49
19-03-22 12:24:14 [1] Correct for Norm=True & Window=140: 49
19-03-22 12:24:15 [1] Correct for Norm=True & Window=139: 49
19-03-22 12:24:15 [1] Correct for Norm=True & Window=138: 49
19-03-22 12:24:16 [1] Correct for Norm=True & Window=137: 49
19-03-22 12:24:17 [1] Correct for Norm=True & Window=136: 48
19-03-22 12:24:18 [1] Correct for Norm=True & Window=135: 48
19-03-22 12:24:19 [1] Correct for Norm=True & Window=134: 46
19-03-22 12:24:19 [1] Correct for Norm=True & Window=133: 46
19-03-22 12:24:20 [1] Correct for Norm=True & Window=132: 46
19-03-22 12:24:21 [1] Correct for Norm=True & Window=131: 46
19-03-22 12:24:22 [1] Correct for Norm=True & Window=130: 46
19-03-22 12:24:23 [1] Correct for Norm=True & Window=129: 45
19-03-22 12:24:24 [1] Correct for Norm=True & Window=128: 44
19-03-22 12:24:25 [1] Correct for Norm=True & Window=127: 43
19-03-22 12:24:26 [1] Correct for Norm=True & Window=126: 43
19-03-22 12:24:27 [1] Correct for Norm=True & Window=125: 43
19-03-22 12:24:28 [1] Correct for Norm=True & Window=124: 43
19-03-22 12:24:29 [1] Correct for Norm=True & Window=123: 43
19-03-22 12:24:30 [1] Correct for Norm=True & Window=122: 42
19-03-22 12:24:31 [1] Correct for Norm=True & Window=121: 42
19-03-22 12:24:33 [1] Correct for Norm=True & Window=120: 42
19-03-22 12:24:34 [1] Correct for Norm=True & Window=119: 42
19-03-22 12:24:35 [1] Correct for Norm=True & Window=118: 42
19-03-22 12:24:36 [1] Correct for Norm=True & Window=117: 42
19-03-22 12:24:37 [1] Correct for Norm=True & Window=116: 42
19-03-22 12:24:38 [1] Correct for Norm=True & Window=115: 42
19-03-22 12:24:39 [1] Correct for Norm=True & Window=114: 42
19-03-22 12:24:40 [1] Correct for Norm=True & Window=113: 42
19-03-22 12:24:42 [1] Correct for Norm=True & Window=112: 42
19-03-22 12:24:43 [1] Correct for Norm=True & Window=111: 43
19-03-22 12:24:44 [1] Correct for Norm=True & Window=110: 43
19-03-22 12:24:45 [1] Correct for Norm=True & Window=109: 43
19-03-22 12:24:46 [1] Correct for Norm=True & Window=108: 43
19-03-22 12:24:47 [1] Correct for Norm=True & Window=107: 43
19-03-22 12:24:49 [1] Correct for Norm=True & Window=106: 43
19-03-22 12:24:50 [1] Correct for Norm=True & Window=105: 43
19-03-22 12:24:51 [1] Correct for Norm=True & Window=104: 43
19-03-22 12:24:52 [1] Correct for Norm=True & Window=103: 44
19-03-22 12:24:53 [1] Correct for Norm=True & Window=102: 45
19-03-22 12:24:54 [1] Correct for Norm=True & Window=101: 45
19-03-22 12:24:55 [1] Correct for Norm=True & Window=100: 45
19-03-22 12:24:57 [1] Correct for Norm=True & Window=99: 45
19-03-22 12:24:58 [1] Correct for Norm=True & Window=98: 46
19-03-22 12:24:59 [1] Correct for Norm=True & Window=97: 47
19-03-22 12:25:00 [1] Correct for Norm=True & Window=96: 46
19-03-22 12:25:01 [1] Correct for Norm=True & Window=95: 45
19-03-22 12:25:02 [1] Correct for Norm=True & Window=94: 45
19-03-22 12:25:03 [1] Correct for Norm=True & Window=93: 46
19-03-22 12:25:04 [1] Correct for Norm=True & Window=92: 44
19-03-22 12:25:05 [1] Correct for Norm=True & Window=91: 45
19-03-22 12:25:06 [1] Correct for Norm=True & Window=90: 46
19-03-22 12:25:07 [1] Correct for Norm=True & Window=89: 46
19-03-22 12:25:07 [1] Correct for Norm=True & Window=88: 45
19-03-22 12:25:08 [1] Correct for Norm=True & Window=87: 45
19-03-22 12:25:09 [1] Correct for Norm=True & Window=86: 46
19-03-22 12:25:10 [1] Correct for Norm=True & Window=85: 47
19-03-22 12:25:11 [1] Correct for Norm=True & Window=84: 47
19-03-22 12:25:11 [1] Correct for Norm=True & Window=83: 47
19-03-22 12:25:12 [1] Correct for Norm=True & Window=82: 49
19-03-22 12:25:13 [1] Correct for Norm=True & Window=81: 49
19-03-22 12:25:13 [1] Correct for Norm=True & Window=80: 49
19-03-22 12:25:14 [1] Correct for Norm=True & Window=79: 49
19-03-22 12:25:15 [1] Correct for Norm=True & Window=78: 49
19-03-22 12:25:16 [1] Correct for Norm=True & Window=77: 49
19-03-22 12:25:16 [1] Correct for Norm=True & Window=76: 49
19-03-22 12:25:18 [1] Correct for Norm=True & Window=75: 47
19-03-22 12:25:20 [1] Correct for Norm=True & Window=74: 47
19-03-22 12:25:22 [1] Correct for Norm=True & Window=73: 48
19-03-22 12:25:24 [1] Correct for Norm=True & Window=72: 49
19-03-22 12:25:25 [1] Correct for Norm=True & Window=71: 49
19-03-22 12:25:27 [1] Correct for Norm=True & Window=70: 49
19-03-22 12:25:29 [1] Correct for Norm=True & Window=69: 50
19-03-22 12:25:31 [1] Correct for Norm=True & Window=68: 50
19-03-22 12:25:33 [1] Correct for Norm=True & Window=67: 50
19-03-22 12:25:35 [1] Correct for Norm=True & Window=66: 50
19-03-22 12:25:37 [1] Correct for Norm=True & Window=65: 50
19-03-22 12:25:39 [1] Correct for Norm=True & Window=64: 50
19-03-22 12:25:41 [1] Correct for Norm=True & Window=63: 49
19-03-22 12:25:43 [1] Correct for Norm=True & Window=62: 49
19-03-22 12:25:45 [1] Correct for Norm=True & Window=61: 49
19-03-22 12:25:47 [1] Correct for Norm=True & Window=60: 48
19-03-22 12:25:50 [1] Correct for Norm=True & Window=59: 48
19-03-22 12:25:52 [1] Correct for Norm=True & Window=58: 48
19-03-22 12:25:55 [1] Correct for Norm=True & Window=57: 48
19-03-22 12:25:57 [1] Correct for Norm=True & Window=56: 47
19-03-22 12:26:00 [1] Correct for Norm=True & Window=55: 44
19-03-22 12:26:03 [1] Correct for Norm=True & Window=54: 46
19-03-22 12:26:06 [1] Correct for Norm=True & Window=53: 45
19-03-22 12:26:09 [1] Correct for Norm=True & Window=52: 46
19-03-22 12:26:12 [1] Correct for Norm=True & Window=51: 47
19-03-22 12:26:16 [1] Correct for Norm=True & Window=50: 46
19-03-22 12:26:21 [1] Correct for Norm=True & Window=49: 44
19-03-22 12:26:25 [1] Correct for Norm=True & Window=48: 44
19-03-22 12:26:28 [1] Correct for Norm=True & Window=47: 45
19-03-22 12:26:32 [1] Correct for Norm=True & Window=46: 46
19-03-22 12:26:36 [1] Correct for Norm=True & Window=45: 45
19-03-22 12:26:39 [1] Correct for Norm=True & Window=44: 45
19-03-22 12:26:42 [1] Correct for Norm=True & Window=43: 41
19-03-22 12:26:45 [1] Correct for Norm=True & Window=42: 42
19-03-22 12:26:48 [1] Correct for Norm=True & Window=41: 42
19-03-22 12:26:51 [1] Correct for Norm=True & Window=40: 33
19-03-22 12:26:54 [1] Correct for Norm=True & Window=39: 36
19-03-22 12:26:57 [1] Correct for Norm=True & Window=38: 34
19-03-22 12:27:02 [1] Correct for Norm=True & Window=37: 37
19-03-22 12:27:07 [1] Correct for Norm=True & Window=36: 41
19-03-22 12:27:12 [1] Correct for Norm=True & Window=35: 43
19-03-22 12:27:16 [1] Correct for Norm=True & Window=34: 43
19-03-22 12:27:21 [1] Correct for Norm=True & Window=33: 39
19-03-22 12:27:25 [1] Correct for Norm=True & Window=32: 40
19-03-22 12:27:29 [1] Correct for Norm=True & Window=31: 41
19-03-22 12:27:35 [1] Correct for Norm=True & Window=30: 39
19-03-22 12:27:40 [1] Correct for Norm=True & Window=29: 36
19-03-22 12:27:46 [1] Correct for Norm=True & Window=28: 45
19-03-22 12:27:51 [1] Correct for Norm=True & Window=27: 39
19-03-22 12:27:56 [1] Correct for Norm=True & Window=26: 42
19-03-22 12:28:02 [1] Correct for Norm=True & Window=25: 41
19-03-22 12:28:08 [1] Correct for Norm=True & Window=24: 43
19-03-22 12:28:14 [1] Correct for Norm=True & Window=23: 41
19-03-22 12:28:20 [1] Correct for Norm=True & Window=22: 37
19-03-22 12:28:27 [1] Correct for Norm=True & Window=21: 33
19-03-22 12:28:34 [1] Correct for Norm=True & Window=20: 32
19-03-22 12:28:41 [1] Correct for Norm=True & Window=19: 37
19-03-22 12:28:48 [1] Correct for Norm=True & Window=18: 35
19-03-22 12:28:55 [1] Correct for Norm=True & Window=17: 32
19-03-22 12:29:03 [1] Correct for Norm=True & Window=16: 31
19-03-22 12:29:12 [1] Correct for Norm=True & Window=15: 28
19-03-22 12:29:20 [1] Correct for Norm=True & Window=14: 36
19-03-22 12:29:30 [1] Correct for Norm=True & Window=13: 35
19-03-22 12:29:39 [1] Correct for Norm=True & Window=12: 36
19-03-22 12:29:49 [1] Correct for Norm=True & Window=11: 33
19-03-22 12:29:59 [1] Correct for Norm=True & Window=10: 33
19-03-22 12:30:10 [1] Correct for Norm=True & Window=9: 32
19-03-22 12:30:20 [1] Correct for Norm=True & Window=8: 29
19-03-22 12:30:31 [1] Correct for Norm=True & Window=7: 25
19-03-22 12:30:44 [1] Correct for Norm=True & Window=6: 26
19-03-22 12:30:56 [1] Correct for Norm=True & Window=5: 28
19-03-22 12:30:56 [1] Windows: [150, 149, 148, 147, 146, 145, 144, 143, 142, 141, 140, 139, 138, 137, 136, 135, 134, 133, 132, 131, 130, 129, 128, 127, 126, 125, 124, 123, 122, 121, 120, 119, 118, 117, 116, 115, 114, 113, 112, 111, 110, 109, 108, 107, 106, 105, 104, 103, 102, 101, 100, 99, 98, 97, 96, 95, 94, 93, 92, 91, 90, 89, 88, 87, 86, 85, 84, 83, 82, 81, 80, 79, 78, 77, 76, 75, 74, 73, 72, 71, 70, 69, 68, 67, 66, 65, 64, 63, 62, 61, 60, 59, 58, 57, 56, 55, 54, 53, 52, 51, 50, 49, 48, 47, 46, 45, 44, 43, 42, 41, 40, 39, 38, 37, 36, 35, 34, 33, 32, 31, 30, 29, 28, 27, 26, 25, 24, 23, 22, 21, 20, 19, 18, 17, 16, 15, 14, 13, 12, 11, 10, 9, 8, 7, 6, 5]
19-03-22 12:30:56 [1] Gun_Point  Fitting for a norm of False
19-03-22 12:30:56 [1] Correct for Norm=False & Window=150: 48
19-03-22 12:30:56 [1] Correct for Norm=False & Window=149: 48
19-03-22 12:30:57 [1] Correct for Norm=False & Window=148: 48
19-03-22 12:30:57 [1] Correct for Norm=False & Window=147: 48
19-03-22 12:30:57 [1] Correct for Norm=False & Window=146: 48
19-03-22 12:30:58 [1] Correct for Norm=False & Window=145: 49
19-03-22 12:30:59 [1] Correct for Norm=False & Window=144: 49
19-03-22 12:30:59 [1] Correct for Norm=False & Window=143: 49
19-03-22 12:31:00 [1] Correct for Norm=False & Window=142: 49
19-03-22 12:31:01 [1] Correct for Norm=False & Window=141: 49
19-03-22 12:31:02 [1] Correct for Norm=False & Window=140: 49
19-03-22 12:31:03 [1] Correct for Norm=False & Window=139: 49
19-03-22 12:31:03 [1] Correct for Norm=False & Window=138: 49
19-03-22 12:31:04 [1] Correct for Norm=False & Window=137: 49
19-03-22 12:31:06 [1] Correct for Norm=False & Window=136: 49
19-03-22 12:31:07 [1] Correct for Norm=False & Window=135: 49
19-03-22 12:31:08 [1] Correct for Norm=False & Window=134: 46
19-03-22 12:31:09 [1] Correct for Norm=False & Window=133: 46
19-03-22 12:31:10 [1] Correct for Norm=False & Window=132: 46
19-03-22 12:31:12 [1] Correct for Norm=False & Window=131: 46
19-03-22 12:31:13 [1] Correct for Norm=False & Window=130: 46
19-03-22 12:31:14 [1] Correct for Norm=False & Window=129: 46
19-03-22 12:31:16 [1] Correct for Norm=False & Window=128: 45
19-03-22 12:31:17 [1] Correct for Norm=False & Window=127: 45
19-03-22 12:31:18 [1] Correct for Norm=False & Window=126: 45
19-03-22 12:31:20 [1] Correct for Norm=False & Window=125: 45
19-03-22 12:31:21 [1] Correct for Norm=False & Window=124: 45
19-03-22 12:31:23 [1] Correct for Norm=False & Window=123: 45
19-03-22 12:31:24 [1] Correct for Norm=False & Window=122: 44
19-03-22 12:31:26 [1] Correct for Norm=False & Window=121: 44
19-03-22 12:31:28 [1] Correct for Norm=False & Window=120: 44
19-03-22 12:31:29 [1] Correct for Norm=False & Window=119: 44
19-03-22 12:31:31 [1] Correct for Norm=False & Window=118: 45
19-03-22 12:31:32 [1] Correct for Norm=False & Window=117: 45
19-03-22 12:31:34 [1] Correct for Norm=False & Window=116: 45
19-03-22 12:31:36 [1] Correct for Norm=False & Window=115: 45
19-03-22 12:31:37 [1] Correct for Norm=False & Window=114: 45
19-03-22 12:31:39 [1] Correct for Norm=False & Window=113: 45
19-03-22 12:31:41 [1] Correct for Norm=False & Window=112: 45
19-03-22 12:31:42 [1] Correct for Norm=False & Window=111: 44
19-03-22 12:31:44 [1] Correct for Norm=False & Window=110: 45
19-03-22 12:31:46 [1] Correct for Norm=False & Window=109: 45
19-03-22 12:31:47 [1] Correct for Norm=False & Window=108: 45
19-03-22 12:31:49 [1] Correct for Norm=False & Window=107: 45
19-03-22 12:31:51 [1] Correct for Norm=False & Window=106: 45
19-03-22 12:31:52 [1] Correct for Norm=False & Window=105: 45
19-03-22 12:31:54 [1] Correct for Norm=False & Window=104: 45
19-03-22 12:31:56 [1] Correct for Norm=False & Window=103: 46
19-03-22 12:31:57 [1] Correct for Norm=False & Window=102: 47
19-03-22 12:31:59 [1] Correct for Norm=False & Window=101: 47
19-03-22 12:32:01 [1] Correct for Norm=False & Window=100: 47
19-03-22 12:32:02 [1] Correct for Norm=False & Window=99: 47
19-03-22 12:32:04 [1] Correct for Norm=False & Window=98: 46
19-03-22 12:32:05 [1] Correct for Norm=False & Window=97: 47
19-03-22 12:32:07 [1] Correct for Norm=False & Window=96: 46
19-03-22 12:32:08 [1] Correct for Norm=False & Window=95: 46
19-03-22 12:32:10 [1] Correct for Norm=False & Window=94: 46
19-03-22 12:32:11 [1] Correct for Norm=False & Window=93: 46
19-03-22 12:32:13 [1] Correct for Norm=False & Window=92: 46
19-03-22 12:32:14 [1] Correct for Norm=False & Window=91: 45
19-03-22 12:32:16 [1] Correct for Norm=False & Window=90: 47
19-03-22 12:32:17 [1] Correct for Norm=False & Window=89: 47
19-03-22 12:32:18 [1] Correct for Norm=False & Window=88: 47
19-03-22 12:32:20 [1] Correct for Norm=False & Window=87: 47
19-03-22 12:32:21 [1] Correct for Norm=False & Window=86: 47
19-03-22 12:32:23 [1] Correct for Norm=False & Window=85: 48
19-03-22 12:32:24 [1] Correct for Norm=False & Window=84: 48
19-03-22 12:32:25 [1] Correct for Norm=False & Window=83: 48
19-03-22 12:32:26 [1] Correct for Norm=False & Window=82: 47
19-03-22 12:32:28 [1] Correct for Norm=False & Window=81: 47
19-03-22 12:32:29 [1] Correct for Norm=False & Window=80: 47
19-03-22 12:32:30 [1] Correct for Norm=False & Window=79: 47
19-03-22 12:32:32 [1] Correct for Norm=False & Window=78: 48
19-03-22 12:32:33 [1] Correct for Norm=False & Window=77: 48
19-03-22 12:32:34 [1] Correct for Norm=False & Window=76: 48
19-03-22 12:32:38 [1] Correct for Norm=False & Window=75: 49
19-03-22 12:32:41 [1] Correct for Norm=False & Window=74: 49
19-03-22 12:32:45 [1] Correct for Norm=False & Window=73: 49
19-03-22 12:32:48 [1] Correct for Norm=False & Window=72: 50
19-03-22 12:32:51 [1] Correct for Norm=False & Window=71: 49
19-03-22 12:32:55 [1] Correct for Norm=False & Window=70: 49
19-03-22 12:32:58 [1] Correct for Norm=False & Window=69: 49
19-03-22 12:33:01 [1] Correct for Norm=False & Window=68: 49
19-03-22 12:33:05 [1] Correct for Norm=False & Window=67: 49
19-03-22 12:33:08 [1] Correct for Norm=False & Window=66: 49
19-03-22 12:33:11 [1] Correct for Norm=False & Window=65: 49
19-03-22 12:33:15 [1] Correct for Norm=False & Window=64: 49
19-03-22 12:33:18 [1] Correct for Norm=False & Window=63: 49
19-03-22 12:33:21 [1] Correct for Norm=False & Window=62: 46
19-03-22 12:33:24 [1] Correct for Norm=False & Window=61: 47
19-03-22 12:33:27 [1] Correct for Norm=False & Window=60: 48
19-03-22 12:33:31 [1] Correct for Norm=False & Window=59: 45
19-03-22 12:33:34 [1] Correct for Norm=False & Window=58: 45
19-03-22 12:33:37 [1] Correct for Norm=False & Window=57: 45
19-03-22 12:33:40 [1] Correct for Norm=False & Window=56: 45
19-03-22 12:33:43 [1] Correct for Norm=False & Window=55: 47
19-03-22 12:33:46 [1] Correct for Norm=False & Window=54: 43
19-03-22 12:33:50 [1] Correct for Norm=False & Window=53: 44
19-03-22 12:33:53 [1] Correct for Norm=False & Window=52: 41
19-03-22 12:33:56 [1] Correct for Norm=False & Window=51: 41
19-03-22 12:34:01 [1] Correct for Norm=False & Window=50: 45
19-03-22 12:34:05 [1] Correct for Norm=False & Window=49: 45
19-03-22 12:34:09 [1] Correct for Norm=False & Window=48: 43
19-03-22 12:34:13 [1] Correct for Norm=False & Window=47: 45
19-03-22 12:34:17 [1] Correct for Norm=False & Window=46: 46
19-03-22 12:34:21 [1] Correct for Norm=False & Window=45: 43
19-03-22 12:34:24 [1] Correct for Norm=False & Window=44: 46
19-03-22 12:34:28 [1] Correct for Norm=False & Window=43: 45
19-03-22 12:34:31 [1] Correct for Norm=False & Window=42: 42
19-03-22 12:34:34 [1] Correct for Norm=False & Window=41: 38
19-03-22 12:34:37 [1] Correct for Norm=False & Window=40: 40
19-03-22 12:34:40 [1] Correct for Norm=False & Window=39: 41
19-03-22 12:34:43 [1] Correct for Norm=False & Window=38: 39
19-03-22 12:34:47 [1] Correct for Norm=False & Window=37: 45
19-03-22 12:34:50 [1] Correct for Norm=False & Window=36: 43
19-03-22 12:34:54 [1] Correct for Norm=False & Window=35: 40
19-03-22 12:34:57 [1] Correct for Norm=False & Window=34: 39
19-03-22 12:35:00 [1] Correct for Norm=False & Window=33: 31
19-03-22 12:35:04 [1] Correct for Norm=False & Window=32: 35
19-03-22 12:35:07 [1] Correct for Norm=False & Window=31: 34
19-03-22 12:35:11 [1] Correct for Norm=False & Window=30: 38
19-03-22 12:35:15 [1] Correct for Norm=False & Window=29: 31
19-03-22 12:35:19 [1] Correct for Norm=False & Window=28: 29
19-03-22 12:35:22 [1] Correct for Norm=False & Window=27: 39
19-03-22 12:35:25 [1] Correct for Norm=False & Window=26: 36
19-03-22 12:35:29 [1] Correct for Norm=False & Window=25: 41
19-03-22 12:35:32 [1] Correct for Norm=False & Window=24: 44
19-03-22 12:35:35 [1] Correct for Norm=False & Window=23: 42
19-03-22 12:35:38 [1] Correct for Norm=False & Window=22: 33
19-03-22 12:35:42 [1] Correct for Norm=False & Window=21: 32
19-03-22 12:35:45 [1] Correct for Norm=False & Window=20: 36
19-03-22 12:35:48 [1] Correct for Norm=False & Window=19: 40
19-03-22 12:35:50 [1] Correct for Norm=False & Window=18: 34
19-03-22 12:35:53 [1] Correct for Norm=False & Window=17: 26
19-03-22 12:35:56 [1] Correct for Norm=False & Window=16: 32
19-03-22 12:35:59 [1] Correct for Norm=False & Window=15: 35
19-03-22 12:36:02 [1] Correct for Norm=False & Window=14: 29
19-03-22 12:36:05 [1] Correct for Norm=False & Window=13: 32
19-03-22 12:36:08 [1] Correct for Norm=False & Window=12: 34
19-03-22 12:36:11 [1] Correct for Norm=False & Window=11: 31
19-03-22 12:36:15 [1] Correct for Norm=False & Window=10: 30
19-03-22 12:36:19 [1] Correct for Norm=False & Window=9: 33
19-03-22 12:36:24 [1] Correct for Norm=False & Window=8: 30
19-03-22 12:36:28 [1] Correct for Norm=False & Window=7: 28
19-03-22 12:36:34 [1] Correct for Norm=False & Window=6: 31
19-03-22 12:36:40 [1] Correct for Norm=False & Window=5: 33
19-03-22 12:36:40 [1] Final Model...
19-03-22 12:36:40 [1] Norm:True  WindowLength:69  TrainScore:50
19-03-22 12:36:46 [1] Gun_Point: Shotgun; 1.0; 0.947
19-04-19 09:56:34 [1] FIXED_PARAMETERS
 {'data_path': './datasets/', 'log_path': './logs/', 'test': 'Shotgun', 'dataset': 'Gun_Point', 'train_bool': 1, 'histogram_type': 'EQUI_DEPTH', 'symbols': 4, 'wordLength': 4, 'windowLength': 8, 'normMean': 1, 'MAX_WINDOW_LENGTH': 350}
19-04-19 09:56:34 [1] Loading from: C:\Users\Sam.officepc\Google Drive\SFA_Python\datasets\univariate\Gun_Point
19-04-19 09:56:34 [1] Done reading Gun_Point Training Data...  Samples: 50  Length: 150
19-04-19 09:56:34 [1] Done reading Gun_Point Testing Data...  Samples: 150  Length: 150
19-04-19 09:56:34 [1] Classes: [1 2]
19-04-19 09:56:34 [1] Test: Shotgun
19-04-19 09:56:34 [0] {'NAME': 'Gun_Point', 'factor': 1.0, 'MAX_WINDOW_LENGTH': 250, 'NORMALIZATION': [True, False]}
19-04-19 09:56:34 [1] Windows: [150, 149, 148, 147, 146, 145, 144, 143, 142, 141, 140, 139, 138, 137, 136, 135, 134, 133, 132, 131, 130, 129, 128, 127, 126, 125, 124, 123, 122, 121, 120, 119, 118, 117, 116, 115, 114, 113, 112, 111, 110, 109, 108, 107, 106, 105, 104, 103, 102, 101, 100, 99, 98, 97, 96, 95, 94, 93, 92, 91, 90, 89, 88, 87, 86, 85, 84, 83, 82, 81, 80, 79, 78, 77, 76, 75, 74, 73, 72, 71, 70, 69, 68, 67, 66, 65, 64, 63, 62, 61, 60, 59, 58, 57, 56, 55, 54, 53, 52, 51, 50, 49, 48, 47, 46, 45, 44, 43, 42, 41, 40, 39, 38, 37, 36, 35, 34, 33, 32, 31, 30, 29, 28, 27, 26, 25, 24, 23, 22, 21, 20, 19, 18, 17, 16, 15, 14, 13, 12, 11, 10, 9, 8, 7, 6, 5]
19-04-19 09:56:34 [1] Gun_Point  Fitting for a norm of True
19-04-19 09:56:34 [1] Correct for Norm=True & Window=150: 48
19-04-19 09:56:34 [1] Correct for Norm=True & Window=149: 48
19-04-19 09:56:35 [1] Correct for Norm=True & Window=148: 48
19-04-19 09:56:35 [1] Correct for Norm=True & Window=147: 48
19-04-19 09:56:35 [1] Correct for Norm=True & Window=146: 48
19-04-19 09:56:36 [1] Correct for Norm=True & Window=145: 49
19-04-19 09:56:36 [1] Correct for Norm=True & Window=144: 49
19-04-19 09:56:37 [1] Correct for Norm=True & Window=143: 49
19-04-19 09:56:37 [1] Correct for Norm=True & Window=142: 49
19-04-19 09:56:38 [1] Correct for Norm=True & Window=141: 49
19-04-19 09:56:38 [1] Correct for Norm=True & Window=140: 49
19-04-19 09:56:39 [1] Correct for Norm=True & Window=139: 49
19-04-19 09:56:40 [1] Correct for Norm=True & Window=138: 49
19-04-19 09:56:41 [1] Correct for Norm=True & Window=137: 49
19-04-19 09:56:41 [1] Correct for Norm=True & Window=136: 48
19-04-19 09:56:42 [1] Correct for Norm=True & Window=135: 48
19-04-19 09:56:43 [1] Correct for Norm=True & Window=134: 46
19-04-19 09:56:44 [1] Correct for Norm=True & Window=133: 46
19-04-19 09:56:45 [1] Correct for Norm=True & Window=132: 46
19-04-19 09:56:46 [1] Correct for Norm=True & Window=131: 46
19-04-19 09:56:47 [1] Correct for Norm=True & Window=130: 46
19-04-19 09:56:48 [1] Correct for Norm=True & Window=129: 45
19-04-19 09:56:49 [1] Correct for Norm=True & Window=128: 44
19-04-19 09:56:50 [1] Correct for Norm=True & Window=127: 43
19-04-19 09:56:51 [1] Correct for Norm=True & Window=126: 43
19-04-19 09:56:52 [1] Correct for Norm=True & Window=125: 43
19-04-19 09:56:53 [1] Correct for Norm=True & Window=124: 43
19-04-19 09:56:54 [1] Correct for Norm=True & Window=123: 43
19-04-19 09:56:55 [1] Correct for Norm=True & Window=122: 42
19-04-19 09:56:56 [1] Correct for Norm=True & Window=121: 42
19-04-19 09:56:57 [1] Correct for Norm=True & Window=120: 42
19-04-19 09:56:58 [1] Correct for Norm=True & Window=119: 42
19-04-19 09:56:59 [1] Correct for Norm=True & Window=118: 42
19-04-19 09:57:01 [1] Correct for Norm=True & Window=117: 42
19-04-19 09:57:02 [1] Correct for Norm=True & Window=116: 42
19-04-19 09:57:03 [1] Correct for Norm=True & Window=115: 42
19-04-19 09:57:04 [1] Correct for Norm=True & Window=114: 42
19-04-19 09:57:05 [1] Correct for Norm=True & Window=113: 42
19-04-19 09:57:06 [1] Correct for Norm=True & Window=112: 42
19-04-19 09:57:08 [1] Correct for Norm=True & Window=111: 43
19-04-19 09:57:09 [1] Correct for Norm=True & Window=110: 43
19-04-19 09:57:10 [1] Correct for Norm=True & Window=109: 43
19-04-19 09:57:11 [1] Correct for Norm=True & Window=108: 43
19-04-19 09:57:12 [1] Correct for Norm=True & Window=107: 43
19-04-19 09:57:14 [1] Correct for Norm=True & Window=106: 43
19-04-19 09:57:15 [1] Correct for Norm=True & Window=105: 43
19-04-19 09:57:16 [1] Correct for Norm=True & Window=104: 43
19-04-19 09:57:17 [1] Correct for Norm=True & Window=103: 44
19-04-19 09:57:18 [1] Correct for Norm=True & Window=102: 45
19-04-19 09:57:20 [1] Correct for Norm=True & Window=101: 45
19-04-19 09:57:21 [1] Correct for Norm=True & Window=100: 45
19-04-19 09:57:23 [1] Correct for Norm=True & Window=99: 45
19-04-19 09:57:24 [1] Correct for Norm=True & Window=98: 46
19-04-19 09:57:26 [1] Correct for Norm=True & Window=97: 47
19-04-19 09:57:27 [1] Correct for Norm=True & Window=96: 46
19-04-19 09:57:28 [1] Correct for Norm=True & Window=95: 45
19-04-19 09:57:29 [1] Correct for Norm=True & Window=94: 45
19-04-19 09:57:30 [1] Correct for Norm=True & Window=93: 46
19-04-19 09:57:31 [1] Correct for Norm=True & Window=92: 44
19-04-19 09:57:32 [1] Correct for Norm=True & Window=91: 45
19-04-19 09:57:33 [1] Correct for Norm=True & Window=90: 46
19-04-19 09:57:34 [1] Correct for Norm=True & Window=89: 46
19-04-19 09:57:35 [1] Correct for Norm=True & Window=88: 45
19-04-19 09:57:36 [1] Correct for Norm=True & Window=87: 45
19-04-19 09:57:37 [1] Correct for Norm=True & Window=86: 46
19-04-19 09:57:38 [1] Correct for Norm=True & Window=85: 47
19-04-19 09:57:39 [1] Correct for Norm=True & Window=84: 47
19-04-19 09:57:39 [1] Correct for Norm=True & Window=83: 47
19-04-19 09:57:40 [1] Correct for Norm=True & Window=82: 49
19-04-19 09:57:41 [1] Correct for Norm=True & Window=81: 49
19-04-19 09:57:42 [1] Correct for Norm=True & Window=80: 49
19-04-19 09:57:43 [1] Correct for Norm=True & Window=79: 49
19-04-19 09:57:43 [1] Correct for Norm=True & Window=78: 49
19-04-19 09:57:44 [1] Correct for Norm=True & Window=77: 49
19-04-19 09:57:45 [1] Correct for Norm=True & Window=76: 49
19-04-19 09:57:47 [1] Correct for Norm=True & Window=75: 47
19-04-19 09:57:49 [1] Correct for Norm=True & Window=74: 47
19-04-19 09:57:51 [1] Correct for Norm=True & Window=73: 48
19-04-19 09:57:53 [1] Correct for Norm=True & Window=72: 49
19-04-19 09:57:55 [1] Correct for Norm=True & Window=71: 49
19-04-19 09:57:57 [1] Correct for Norm=True & Window=70: 49
19-04-19 09:57:58 [1] Correct for Norm=True & Window=69: 50
19-04-19 09:58:00 [1] Correct for Norm=True & Window=68: 50
19-04-19 09:58:02 [1] Correct for Norm=True & Window=67: 50
19-04-19 09:58:04 [1] Correct for Norm=True & Window=66: 50
19-04-19 09:58:06 [1] Correct for Norm=True & Window=65: 50
19-04-19 09:58:08 [1] Correct for Norm=True & Window=64: 50
19-04-19 09:58:11 [1] Correct for Norm=True & Window=63: 49
19-04-19 09:58:13 [1] Correct for Norm=True & Window=62: 49
19-04-19 09:58:16 [1] Correct for Norm=True & Window=61: 49
19-04-19 09:58:18 [1] Correct for Norm=True & Window=60: 48
19-04-19 09:58:21 [1] Correct for Norm=True & Window=59: 48
19-04-19 09:58:23 [1] Correct for Norm=True & Window=58: 48
19-04-19 09:58:26 [1] Correct for Norm=True & Window=57: 48
19-04-19 09:58:29 [1] Correct for Norm=True & Window=56: 47
19-04-19 09:58:32 [1] Correct for Norm=True & Window=55: 44
19-04-19 09:58:35 [1] Correct for Norm=True & Window=54: 46
19-04-19 09:58:38 [1] Correct for Norm=True & Window=53: 45
19-04-19 09:58:41 [1] Correct for Norm=True & Window=52: 46
19-04-19 09:58:44 [1] Correct for Norm=True & Window=51: 47
19-04-19 09:58:49 [1] Correct for Norm=True & Window=50: 46
19-04-19 09:58:53 [1] Correct for Norm=True & Window=49: 44
19-04-19 09:58:57 [1] Correct for Norm=True & Window=48: 44
19-04-19 09:59:01 [1] Correct for Norm=True & Window=47: 45
19-04-19 09:59:05 [1] Correct for Norm=True & Window=46: 46
19-04-19 09:59:09 [1] Correct for Norm=True & Window=45: 45
19-04-19 09:59:12 [1] Correct for Norm=True & Window=44: 45
19-04-19 09:59:16 [1] Correct for Norm=True & Window=43: 41
19-04-19 09:59:19 [1] Correct for Norm=True & Window=42: 42
19-04-19 09:59:22 [1] Correct for Norm=True & Window=41: 42
19-04-19 09:59:25 [1] Correct for Norm=True & Window=40: 33
19-04-19 09:59:29 [1] Correct for Norm=True & Window=39: 36
19-04-19 09:59:32 [1] Correct for Norm=True & Window=38: 34
19-04-19 09:59:37 [1] Correct for Norm=True & Window=37: 37
19-04-19 09:59:42 [1] Correct for Norm=True & Window=36: 41
19-04-19 09:59:47 [1] Correct for Norm=True & Window=35: 43
19-04-19 09:59:52 [1] Correct for Norm=True & Window=34: 43
19-04-19 09:59:56 [1] Correct for Norm=True & Window=33: 39
19-04-19 10:00:01 [1] Correct for Norm=True & Window=32: 40
19-04-19 10:00:05 [1] Correct for Norm=True & Window=31: 41
19-04-19 10:00:11 [1] Correct for Norm=True & Window=30: 39
19-04-19 10:00:17 [1] Correct for Norm=True & Window=29: 36
19-04-19 10:00:22 [1] Correct for Norm=True & Window=28: 45
19-04-19 10:00:28 [1] Correct for Norm=True & Window=27: 39
19-04-19 10:00:33 [1] Correct for Norm=True & Window=26: 42
19-04-19 10:00:40 [1] Correct for Norm=True & Window=25: 41
19-04-19 10:00:46 [1] Correct for Norm=True & Window=24: 43
19-04-19 10:00:52 [1] Correct for Norm=True & Window=23: 41
19-04-19 10:00:59 [1] Correct for Norm=True & Window=22: 37
19-04-19 10:01:06 [1] Correct for Norm=True & Window=21: 33
19-04-19 10:01:14 [1] Correct for Norm=True & Window=20: 32
19-04-19 10:01:21 [1] Correct for Norm=True & Window=19: 37
19-04-19 10:01:29 [1] Correct for Norm=True & Window=18: 35
19-04-19 10:01:37 [1] Correct for Norm=True & Window=17: 32
19-04-19 10:01:45 [1] Correct for Norm=True & Window=16: 31
19-04-19 10:01:55 [1] Correct for Norm=True & Window=15: 28
19-04-19 10:02:03 [1] Correct for Norm=True & Window=14: 36
19-04-19 10:02:13 [1] Correct for Norm=True & Window=13: 35
19-04-19 10:02:23 [1] Correct for Norm=True & Window=12: 36
19-04-19 10:02:33 [1] Correct for Norm=True & Window=11: 33
19-04-19 10:02:44 [1] Correct for Norm=True & Window=10: 33
19-04-19 10:02:55 [1] Correct for Norm=True & Window=9: 32
19-04-19 10:03:07 [1] Correct for Norm=True & Window=8: 29
19-04-19 10:03:19 [1] Correct for Norm=True & Window=7: 25
19-04-19 10:03:32 [1] Correct for Norm=True & Window=6: 26
19-04-19 10:03:44 [1] Correct for Norm=True & Window=5: 28
19-04-19 10:03:44 [1] Windows: [150, 149, 148, 147, 146, 145, 144, 143, 142, 141, 140, 139, 138, 137, 136, 135, 134, 133, 132, 131, 130, 129, 128, 127, 126, 125, 124, 123, 122, 121, 120, 119, 118, 117, 116, 115, 114, 113, 112, 111, 110, 109, 108, 107, 106, 105, 104, 103, 102, 101, 100, 99, 98, 97, 96, 95, 94, 93, 92, 91, 90, 89, 88, 87, 86, 85, 84, 83, 82, 81, 80, 79, 78, 77, 76, 75, 74, 73, 72, 71, 70, 69, 68, 67, 66, 65, 64, 63, 62, 61, 60, 59, 58, 57, 56, 55, 54, 53, 52, 51, 50, 49, 48, 47, 46, 45, 44, 43, 42, 41, 40, 39, 38, 37, 36, 35, 34, 33, 32, 31, 30, 29, 28, 27, 26, 25, 24, 23, 22, 21, 20, 19, 18, 17, 16, 15, 14, 13, 12, 11, 10, 9, 8, 7, 6, 5]
19-04-19 10:03:44 [1] Gun_Point  Fitting for a norm of False
19-04-19 10:03:45 [1] Correct for Norm=False & Window=150: 48
19-04-19 10:03:45 [1] Correct for Norm=False & Window=149: 48
19-04-19 10:03:45 [1] Correct for Norm=False & Window=148: 48
19-04-19 10:03:45 [1] Correct for Norm=False & Window=147: 48
19-04-19 10:03:46 [1] Correct for Norm=False & Window=146: 48
19-04-19 10:03:46 [1] Correct for Norm=False & Window=145: 49
19-04-19 10:03:47 [1] Correct for Norm=False & Window=144: 49
19-04-19 10:03:48 [1] Correct for Norm=False & Window=143: 49
19-04-19 10:03:48 [1] Correct for Norm=False & Window=142: 49
19-04-19 10:03:49 [1] Correct for Norm=False & Window=141: 49
19-04-19 10:03:50 [1] Correct for Norm=False & Window=140: 49
19-04-19 10:03:51 [1] Correct for Norm=False & Window=139: 49
19-04-19 10:03:52 [1] Correct for Norm=False & Window=138: 49
19-04-19 10:03:53 [1] Correct for Norm=False & Window=137: 49
19-04-19 10:03:54 [1] Correct for Norm=False & Window=136: 49
19-04-19 10:03:55 [1] Correct for Norm=False & Window=135: 49
19-04-19 10:03:56 [1] Correct for Norm=False & Window=134: 46
19-04-19 10:03:58 [1] Correct for Norm=False & Window=133: 46
19-04-19 10:03:59 [1] Correct for Norm=False & Window=132: 46
19-04-19 10:04:00 [1] Correct for Norm=False & Window=131: 46
19-04-19 10:04:02 [1] Correct for Norm=False & Window=130: 46
19-04-19 10:04:03 [1] Correct for Norm=False & Window=129: 46
19-04-19 10:04:05 [1] Correct for Norm=False & Window=128: 45
19-04-19 10:04:06 [1] Correct for Norm=False & Window=127: 45
19-04-19 10:04:08 [1] Correct for Norm=False & Window=126: 45
19-04-19 10:04:09 [1] Correct for Norm=False & Window=125: 45
19-04-19 10:04:11 [1] Correct for Norm=False & Window=124: 45
19-04-19 10:04:12 [1] Correct for Norm=False & Window=123: 45
19-04-19 10:04:14 [1] Correct for Norm=False & Window=122: 44
19-04-19 10:04:15 [1] Correct for Norm=False & Window=121: 44
19-04-19 10:04:17 [1] Correct for Norm=False & Window=120: 44
19-04-19 10:04:18 [1] Correct for Norm=False & Window=119: 44
19-04-19 10:04:20 [1] Correct for Norm=False & Window=118: 45
19-04-19 10:04:22 [1] Correct for Norm=False & Window=117: 45
19-04-19 10:04:23 [1] Correct for Norm=False & Window=116: 45
19-04-19 10:04:25 [1] Correct for Norm=False & Window=115: 45
19-04-19 10:04:27 [1] Correct for Norm=False & Window=114: 45
19-04-19 10:04:28 [1] Correct for Norm=False & Window=113: 45
19-04-19 10:04:30 [1] Correct for Norm=False & Window=112: 45
19-04-19 10:04:32 [1] Correct for Norm=False & Window=111: 44
19-04-19 10:04:34 [1] Correct for Norm=False & Window=110: 45
19-04-19 10:04:35 [1] Correct for Norm=False & Window=109: 45
19-04-19 10:04:37 [1] Correct for Norm=False & Window=108: 45
19-04-19 10:04:39 [1] Correct for Norm=False & Window=107: 45
19-04-19 10:04:40 [1] Correct for Norm=False & Window=106: 45
19-04-19 10:04:42 [1] Correct for Norm=False & Window=105: 45
19-04-19 10:04:44 [1] Correct for Norm=False & Window=104: 45
19-04-19 10:04:45 [1] Correct for Norm=False & Window=103: 46
19-04-19 10:04:47 [1] Correct for Norm=False & Window=102: 47
19-04-19 10:04:49 [1] Correct for Norm=False & Window=101: 47
19-04-19 10:04:50 [1] Correct for Norm=False & Window=100: 47
19-04-19 10:04:52 [1] Correct for Norm=False & Window=99: 47
19-04-19 10:04:54 [1] Correct for Norm=False & Window=98: 46
19-04-19 10:04:55 [1] Correct for Norm=False & Window=97: 47
19-04-19 10:04:57 [1] Correct for Norm=False & Window=96: 46
19-04-19 10:04:58 [1] Correct for Norm=False & Window=95: 46
19-04-19 10:05:00 [1] Correct for Norm=False & Window=94: 46
19-04-19 10:05:01 [1] Correct for Norm=False & Window=93: 46
19-04-19 10:05:03 [1] Correct for Norm=False & Window=92: 46
19-04-19 10:05:04 [1] Correct for Norm=False & Window=91: 45
19-04-19 10:05:06 [1] Correct for Norm=False & Window=90: 47
19-04-19 10:05:07 [1] Correct for Norm=False & Window=89: 47
19-04-19 10:05:09 [1] Correct for Norm=False & Window=88: 47
19-04-19 10:05:10 [1] Correct for Norm=False & Window=87: 47
19-04-19 10:05:11 [1] Correct for Norm=False & Window=86: 47
19-04-19 10:05:13 [1] Correct for Norm=False & Window=85: 48
19-04-19 10:05:14 [1] Correct for Norm=False & Window=84: 48
19-04-19 10:05:15 [1] Correct for Norm=False & Window=83: 48
19-04-19 10:05:17 [1] Correct for Norm=False & Window=82: 47
19-04-19 10:05:18 [1] Correct for Norm=False & Window=81: 47
19-04-19 10:05:19 [1] Correct for Norm=False & Window=80: 47
19-04-19 10:05:21 [1] Correct for Norm=False & Window=79: 47
19-04-19 10:05:22 [1] Correct for Norm=False & Window=78: 48
19-04-19 10:05:23 [1] Correct for Norm=False & Window=77: 48
19-04-19 10:05:25 [1] Correct for Norm=False & Window=76: 48
19-04-19 10:05:29 [1] Correct for Norm=False & Window=75: 49
19-04-19 10:05:32 [1] Correct for Norm=False & Window=74: 49
19-04-19 10:05:36 [1] Correct for Norm=False & Window=73: 49
19-04-19 10:05:39 [1] Correct for Norm=False & Window=72: 50
19-04-19 10:05:42 [1] Correct for Norm=False & Window=71: 49
19-04-19 10:05:46 [1] Correct for Norm=False & Window=70: 49
19-04-19 10:05:50 [1] Correct for Norm=False & Window=69: 49
19-04-19 10:05:54 [1] Correct for Norm=False & Window=68: 49
19-04-19 10:05:57 [1] Correct for Norm=False & Window=67: 49
19-04-19 10:06:01 [1] Correct for Norm=False & Window=66: 49
19-04-19 10:06:04 [1] Correct for Norm=False & Window=65: 49
19-04-19 10:06:07 [1] Correct for Norm=False & Window=64: 49
19-04-19 10:06:11 [1] Correct for Norm=False & Window=63: 49
19-04-19 10:06:14 [1] Correct for Norm=False & Window=62: 46
19-04-19 10:06:17 [1] Correct for Norm=False & Window=61: 47
19-04-19 10:06:21 [1] Correct for Norm=False & Window=60: 48
19-04-19 10:06:24 [1] Correct for Norm=False & Window=59: 45
19-04-19 10:06:27 [1] Correct for Norm=False & Window=58: 45
19-04-19 10:06:30 [1] Correct for Norm=False & Window=57: 45
19-04-19 10:06:33 [1] Correct for Norm=False & Window=56: 45
19-04-19 10:06:37 [1] Correct for Norm=False & Window=55: 47
19-04-19 10:06:40 [1] Correct for Norm=False & Window=54: 43
19-04-19 10:06:43 [1] Correct for Norm=False & Window=53: 44
19-04-19 10:06:47 [1] Correct for Norm=False & Window=52: 41
19-04-19 10:06:50 [1] Correct for Norm=False & Window=51: 41
19-04-19 10:06:56 [1] Correct for Norm=False & Window=50: 45
19-04-19 10:07:00 [1] Correct for Norm=False & Window=49: 45
19-04-19 10:07:05 [1] Correct for Norm=False & Window=48: 43
19-04-19 10:07:09 [1] Correct for Norm=False & Window=47: 45
19-04-19 10:07:13 [1] Correct for Norm=False & Window=46: 46
19-04-19 10:07:17 [1] Correct for Norm=False & Window=45: 43
19-04-19 10:07:20 [1] Correct for Norm=False & Window=44: 46
19-04-19 10:07:24 [1] Correct for Norm=False & Window=43: 45
19-04-19 10:07:28 [1] Correct for Norm=False & Window=42: 42
19-04-19 10:07:31 [1] Correct for Norm=False & Window=41: 38
19-04-19 10:07:34 [1] Correct for Norm=False & Window=40: 40
19-04-19 10:07:37 [1] Correct for Norm=False & Window=39: 41
19-04-19 10:07:40 [1] Correct for Norm=False & Window=38: 39
19-04-19 10:07:44 [1] Correct for Norm=False & Window=37: 45
19-04-19 10:07:48 [1] Correct for Norm=False & Window=36: 43
19-04-19 10:07:52 [1] Correct for Norm=False & Window=35: 40
19-04-19 10:07:55 [1] Correct for Norm=False & Window=34: 39
19-04-19 10:07:59 [1] Correct for Norm=False & Window=33: 31
19-04-19 10:08:02 [1] Correct for Norm=False & Window=32: 35
19-04-19 10:08:05 [1] Correct for Norm=False & Window=31: 34
19-04-19 10:08:10 [1] Correct for Norm=False & Window=30: 38
19-04-19 10:08:14 [1] Correct for Norm=False & Window=29: 31
19-04-19 10:08:17 [1] Correct for Norm=False & Window=28: 29
19-04-19 10:08:21 [1] Correct for Norm=False & Window=27: 39
19-04-19 10:08:24 [1] Correct for Norm=False & Window=26: 36
19-04-19 10:08:28 [1] Correct for Norm=False & Window=25: 41
19-04-19 10:08:31 [1] Correct for Norm=False & Window=24: 44
19-04-19 10:08:35 [1] Correct for Norm=False & Window=23: 42
19-04-19 10:08:38 [1] Correct for Norm=False & Window=22: 33
19-04-19 10:08:41 [1] Correct for Norm=False & Window=21: 32
19-04-19 10:08:44 [1] Correct for Norm=False & Window=20: 36
19-04-19 10:08:47 [1] Correct for Norm=False & Window=19: 40
19-04-19 10:08:50 [1] Correct for Norm=False & Window=18: 34
19-04-19 10:08:53 [1] Correct for Norm=False & Window=17: 26
19-04-19 10:08:55 [1] Correct for Norm=False & Window=16: 32
19-04-19 10:08:58 [1] Correct for Norm=False & Window=15: 35
19-04-19 10:09:01 [1] Correct for Norm=False & Window=14: 29
19-04-19 10:09:05 [1] Correct for Norm=False & Window=13: 32
19-04-19 10:09:08 [1] Correct for Norm=False & Window=12: 34
19-04-19 10:09:11 [1] Correct for Norm=False & Window=11: 31
19-04-19 10:09:15 [1] Correct for Norm=False & Window=10: 30
19-04-19 10:09:19 [1] Correct for Norm=False & Window=9: 33
19-04-19 10:09:24 [1] Correct for Norm=False & Window=8: 30
19-04-19 10:09:29 [1] Correct for Norm=False & Window=7: 28
19-04-19 10:09:34 [1] Correct for Norm=False & Window=6: 31
19-04-19 10:09:41 [1] Correct for Norm=False & Window=5: 33
19-04-19 10:09:41 [1] Final Model...
19-04-19 10:09:41 [1] Norm:True  WindowLength:69  TrainScore:50
19-04-19 10:09:47 [1] Gun_Point: Shotgun; 1.0; 0.947
